0:100  0:100  MemLog inited, TSC freq: 3408461780
0:100  0:000  CPU was calibrated with RTC
0:100  0:000  
0:100  0:000  Now is 19.4.2018,  15:38:14 (GMT)
0:100  0:000  Starting Clover revision: 4428 on American Megatrends EFI
0:100  0:000  Build with: [Args: -D NO_GRUB_DRIVERS_EMBEDDED -t XCODE8 | -D NO_GRUB_DRIVERS_EMBEDDED -D USE_LOW_EBDA -a X64 -b RELEASE -t XCODE8 -n 5 | OS: 10.12.6 | XCODE: 9.2]
0:100  0:000  SelfDevicePath=PciRoot(0x0)\Pci(0x17,0x0)\Sata(0x5,0xFFFF,0x0)\HD(1,GPT,E063FA0D-4E3B-4D63-9559-76670138E7D0,0x800,0xC8000) @B6825E98
0:100  0:000  SelfDirPath = \EFI\CLOVER
0:102  0:001  === [ Get Smbios ] ========================================
0:102  0:000  Type 16 Index = 0
0:102  0:000  Total Memory Slots Count = 4
0:102  0:000  Type 17 Index = 0
0:102  0:000  SmbiosTable.Type17->Speed = 2400MHz
0:102  0:000  SmbiosTable.Type17->Size = 8192MB
0:102  0:000  SmbiosTable.Type17->Bank/Device = BANK 0 ChannelA-DIMM0
0:102  0:000  SmbiosTable.Type17->Vendor = 04CB
0:102  0:000  SmbiosTable.Type17->SerialNumber = B8EB0100
0:102  0:000  SmbiosTable.Type17->PartNumber = DDR4 2400 2OZ       
0:102  0:000  Type 17 Index = 1
0:102  0:000  Ignoring insane frequency value 0MHz
0:102  0:000  SmbiosTable.Type17->Speed = 0MHz
0:102  0:000  SmbiosTable.Type17->Size = 0MB
0:102  0:000  SmbiosTable.Type17->Bank/Device = BANK 1 ChannelA-DIMM1
0:102  0:000  SmbiosTable.Type17->Vendor = <null string>
0:102  0:000  SmbiosTable.Type17->SerialNumber = <null string>
0:102  0:000  SmbiosTable.Type17->PartNumber = <null string>
0:102  0:000  Type 17 Index = 2
0:102  0:000  SmbiosTable.Type17->Speed = 2400MHz
0:102  0:000  SmbiosTable.Type17->Size = 8192MB
0:102  0:000  SmbiosTable.Type17->Bank/Device = BANK 2 ChannelB-DIMM0
0:102  0:000  SmbiosTable.Type17->Vendor = 04CB
0:102  0:000  SmbiosTable.Type17->SerialNumber = DCEA0100
0:102  0:000  SmbiosTable.Type17->PartNumber = DDR4 2400 2OZ       
0:102  0:000  Type 17 Index = 3
0:102  0:000  Ignoring insane frequency value 0MHz
0:102  0:000  SmbiosTable.Type17->Speed = 0MHz
0:102  0:000  SmbiosTable.Type17->Size = 0MB
0:102  0:000  SmbiosTable.Type17->Bank/Device = BANK 3 ChannelB-DIMM1
0:102  0:000  SmbiosTable.Type17->Vendor = <null string>
0:102  0:000  SmbiosTable.Type17->SerialNumber = <null string>
0:102  0:000  SmbiosTable.Type17->PartNumber = <null string>
0:102  0:000  Boot status=0
0:102  0:000  Running on: 'B250M-HD3' with board 'B250M-HD3-CF'
0:102  0:000  === [ GetCPUProperties ] ==================================
0:102  0:000  CPU Vendor = 756E6547 Model=906E9
0:102  0:000   The CPU supported SSE4.1
0:102  0:000  BrandString = Intel(R) Core(TM) i5-7500 CPU @ 3.40GHz
0:102  0:000   The CPU supported turbo
0:102  0:000  MSR 0x35               40004
0:102  0:000   TSC/CCC Information Leaf:
0:102  0:000    numerator     : 284
0:102  0:000    denominator   : 2
0:102  0:000   Calibrated ARTFrequency: 24003251
0:102  0:000  MSR 0xE2 before patch 1E000006
0:102  0:000  MSR 0xCE              08080838_F1012200
0:102  0:000  corrected FLEX_RATIO = 0
0:102  0:000  FSBFrequency = 106 MHz, DMI FSBFrequency = 100 MHz, Corrected FSBFrequency = 100 MHz
0:102  0:000  MaxDiv/MinDiv: 34.0/8
0:102  0:000  Turbo: 36/37/37/38
0:102  0:000  Features: 0xBFEBFBFF
0:102  0:000  Threads: 4
0:102  0:000  Cores: 4
0:102  0:000  FSB: 100 MHz
0:102  0:000  CPU: 3600 MHz
0:102  0:000  TSC: 3600 MHz
0:102  0:000  PIS: 100 MHz
0:102  0:000  ExternalClock: 25 MHz
0:102  0:000  === [ GetDevices ] ========================================
0:102  0:000  PCI (00|00:00.00) : 8086 591F class=060000
0:102  0:000  PCI (00|00:01.00) : 8086 1901 class=060400
0:102  0:000  PCI (00|01:00.00) : 10DE 1C03 class=030000
0:102  0:000   - GFX: Model=MSI GeForce GTX 1060 family 136 (Nvidia)
0:102  0:000  PCI (00|01:00.01) : 10DE 10F1 class=040300
0:102  0:000   - HDMI Audio: 
0:102  0:000  PCI (00|00:02.00) : 8086 5912 class=038000
0:102  0:000   - GFX: Model=Intel HD Graphics 630 (Intel)
0:102  0:000  PCI (00|00:08.00) : 8086 1911 class=088000
0:102  0:000  PCI (00|00:14.00) : 8086 A2AF class=0C0330
0:102  0:000  PCI (00|00:16.00) : 8086 A2BA class=078000
0:102  0:000  PCI (00|00:17.00) : 8086 A282 class=010601
0:102  0:000  PCI (00|00:1B.00) : 8086 A2EB class=060400
0:102  0:000  PCI (00|00:1C.00) : 8086 A294 class=060400
0:102  0:000  PCI (00|03:00.00) : 10EC 8168 class=020000
0:102  0:000   - LAN: 0 Vendor=Realtek
0:102  0:000  PCI (00|00:1C.05) : 8086 A295 class=060400
0:102  0:000  PCI (00|04:00.00) : 1283 8892 class=060401
0:102  0:000  PCI (00|00:1C.06) : 8086 A296 class=060400
0:102  0:000  PCI (00|00:1C.07) : 8086 A297 class=060400
0:102  0:000  PCI (00|00:1D.00) : 8086 A298 class=060400
0:102  0:000  PCI (00|00:1D.01) : 8086 A299 class=060400
0:102  0:000  PCI (00|00:1D.02) : 8086 A29A class=060400
0:102  0:000  PCI (00|00:1D.03) : 8086 A29B class=060400
0:102  0:000  PCI (00|00:1F.00) : 8086 A2C8 class=060100
0:102  0:000  PCI (00|00:1F.02) : 8086 A2A1 class=058000
0:102  0:000  PCI (00|00:1F.03) : 8086 A2F0 class=040300
0:102  0:000  PCI (00|00:1F.04) : 8086 A2A3 class=0C0500
0:102  0:000  === [ GetDefaultSettings ] ================================
0:102  0:000  Clover load options size = 0 bytes
0:113  0:010  EFI\CLOVER\config.plist loaded: Success
0:113  0:000  === [ GetListOfThemes ] ===================================
0:115  0:002  - [00]: metal
0:119  0:003  - [01]: CrispyOSX
0:123  0:003  - [02]: El Capitan
0:127  0:004  - [03]: random
0:131  0:003  - [03]: embedded
0:135  0:004  === [ Found config plists ] ===============================
0:136  0:001  - config.plist
0:137  0:000  === [ GetEarlyUserSettings ] ==============================
0:137  0:000  timeout set to 3
0:137  0:000  Custom boot CUSTOM_BOOT_DISABLED (0x0)
0:137  0:000  KextsToPatch: 1 requested
0:137  0:000   - [00]: com.apple.driver.usb.AppleUSBXHCI (USB 10.13.4+ by PMHeart) :: MatchOS: 10.13.x :: BinPatch :: data len: 10
0:137  0:000  Default theme: El Capitan
0:137  0:000  Hiding entries with string Recovery HD
0:137  0:000  Hiding entries with string BOOTX64.EFI
0:137  0:000  Hiding entries with string Windows
0:137  0:000  Hiding entries with string Preboot
0:137  0:000  Hiding entries with string recovery
0:137  0:000  === [ LoadDrivers ] =======================================
0:139  0:001  Loading apfs.efi  status=Success
0:148  0:008   - driver needs connecting
0:148  0:000  Loading HFSPlus.efi  status=Success
0:153  0:004   - driver needs connecting
0:153  0:000  Loading OsxFatBinaryDrv-64.efi  status=Success
0:158  0:005  Loading AppleImageCodec-64.efi  status=Success
0:163  0:004  Loading AppleUITheme-64.efi  status=Success
0:168  0:005  Loading DataHubDxe-64.efi  status=Success
0:173  0:005  Loading AppleKeyAggregator-64.efi  status=Success
0:178  0:004  Loading OsxAptioFix2Drv-64.efi  status=Success
0:183  0:005  Loading FSInject-64.efi  status=Success
0:188  0:004  Loading FirmwareVolume-64.efi  status=Success
0:192  0:004  Loading EmuVariableUefi-64.efi  status=Success
0:197  0:004  EmuVariableUefi Initialize: VariableCommonInitialize = Success, orig services stored, install gEmuVariableControlProtocolGuid = Success
0:197  0:000  Loading SMCHelper-64.efi  status=Success
0:202  0:004  2 drivers needs connecting ...
0:202  0:000  PlatformDriverOverrideProtocol->GetDriver overriden
0:202  0:000  HFS+ driver loaded
0:202  0:000  APFS driver loaded
0:202  0:000  Searching for invalid DiskIo BY_DRIVER connects: not found, all ok
0:663  0:460  EmuVariable InstallEmulation: orig vars copied, emu.var.services installed, CreateEvent VirtualAddressChange = Success, CreateEvent ExitBootServices = Success, set Status=Success
0:736  0:073  === [ InitScreen ] ========================================
0:736  0:000  SetScreenResolution: 1920x1080 - setting Mode 3
0:926  0:190  Video mode change to mode #3: Success
0:926  0:000  Console modes reported: 6, available modes:
0:926  0:000   - [01]: 80x25 (current mode)
0:926  0:000   - [02]: 80x50
0:926  0:000   - [03]: 100x31
0:926  0:000   - [04]: 127x33
0:926  0:000   - [06]: 120x50
0:926  0:000  reinit: self device path=PciRoot(0x0)\Pci(0x17,0x0)\Sata(0x5,0xFFFF,0x0)\HD(1,GPT,E063FA0D-4E3B-4D63-9559-76670138E7D0,0x800,0xC8000)
0:929  0:002  Using embedded font: Success
0:929  0:000  === [ GetMacAddress ] =====================================
0:929  0:000  === [ ScanSPD ] ===========================================
0:930  0:000  SMBus device : 8086 A2A3 class=0C0500 status=Success
0:930  0:000  SMBus CmdReg: 0x1
0:930  0:000  Scanning SMBus [8086:A2A3], mmio: 0xF722A004, ioport: 0xF040, hostc: 0x11
0:930  0:000  Slots to scan [8]...
0:930  0:000  SPD[0]: Type 12 @0x50
0:948  0:017  XMP Profile1: 7*125 -42 ns
0:948  0:000  Found module with XMP version 2.0
0:948  0:000  Using XMP Profile1 instead of standard frequency 2400MHz
0:948  0:000  DDR speed 2400MHz
0:948  0:000  Slot: 0 Type 26 8192MB 2400MHz Vendor=A-DATA Technology PartNo=DDR424002OZ SerialNo=0B080E0B00010000
0:949  0:000  SPD[2]: Type 12 @0x52
0:966  0:017  XMP Profile1: 7*125 -42 ns
0:966  0:000  Found module with XMP version 2.0
0:966  0:000  Using XMP Profile1 instead of standard frequency 2400MHz
0:966  0:000  DDR speed 2400MHz
0:966  0:000  Slot: 2 Type 26 8192MB 2400MHz Vendor=A-DATA Technology PartNo=DDR424002OZ SerialNo=0D0C0E0A00010000
0:967  0:000  === [ GetAcpiTablesList ] =================================
0:967  0:000  Get Acpi Tables List from RSDT:
0:967  0:000   - [00]: FACP  A M I  len=132
0:967  0:000   - [01]: APIC  A M I  len=132
0:967  0:000   - [02]: FPDT  A M I  len=68
0:967  0:000   - [03]: MCFG  A M I  len=60
0:967  0:000   - [04]: SSDT  SataTabl len=956
0:967  0:000   - [05]: FIDT  A M I len=156
0:967  0:000   - [06]: SSDT  SaSsdt  len=12633
0:967  0:000   - [07]: SSDT  PegSsdt len=9567
0:967  0:000   - [08]: HPET  KBL len=56
0:967  0:000   - [09]: SSDT  Ther_Rvp len=3557
0:967  0:000   - [10]: SSDT  xh_rvp10 len=10967
0:967  0:000   - [11]: UEFI  EDK2     len=66
0:967  0:000   - [12]: SSDT  CpuSsdt len=3806
0:967  0:000   - [13]: LPIT  KBL len=148
0:967  0:000   - [14]: WSMT  KBL len=40
0:967  0:000   - [15]: SSDT  sensrhub len=671
0:967  0:000   - [16]: SSDT  PtidDevc len=12290
0:967  0:000   - [17]: DBGP   len=52
0:967  0:000   - [18]: DBG2   len=84
0:967  0:000   - [19]: BGRT  A M I  len=56
0:967  0:000  Calibrated TSC Frequency = 3408461780 = 3408MHz
0:967  0:000  === [ GetUserSettings ] ===================================
0:967  0:000  USB FixOwnership: yes
0:967  0:000  Dropping 3 tables:
0:967  0:000   - [00]: Drop table  signature="DMAR" (52414D44)
0:967  0:000           - set table: 52414D44,                0 to drop: no
0:967  0:000   - [01]: Drop table  signature="SSDT" (54445353) table-id="CpuPm" (0000006D50757043)
0:967  0:000           - set table: 54445353,       6D50757043 to drop: no
0:967  0:000   - [02]: Drop table  signature="SSDT" (54445353) table-id="Cpu0Ist" (0074734930757043)
0:967  0:000           - set table: 54445353,   74734930757043 to drop: no
0:967  0:000   - final DSDT Fix mask=00000001
0:967  0:000  PatchesDSDT: 11 requested
0:967  0:000   - [00]: (change GFX0 to IGPU) lenToFind: 4, lenToReplace: 4, Target Bridge: <null string>
0:967  0:000   - [01]: (change HDAS to HDEF) lenToFind: 4, lenToReplace: 4, Target Bridge: <null string>
0:967  0:000   - [02]: (change SAT0 to SATA) lenToFind: 4, lenToReplace: 4, Target Bridge: <null string>
0:967  0:000   - [03]: (change HECI to IMEI) lenToFind: 4, lenToReplace: 4, Target Bridge: <null string>
0:967  0:000   - [04]: (Rename _DSM to XDSM) lenToFind: 4, lenToReplace: 4, Target Bridge: <null string>
0:967  0:000   - [05]: (change H_EC to EC) lenToFind: 4, lenToReplace: 4, Target Bridge: <null string>
0:967  0:000   - [06]: (change Method(_WAK,1,N) to ZWAK, pair with SSDT-PTSWAK.aml) lenToFind: 5, lenToReplace: 5, Target Bridge: <null string>
0:967  0:000   - [07]: (change Method(_PTS,1,N) to ZPTS, pair with SSDT-PTSWAK.aml) lenToFind: 5, lenToReplace: 5, Target Bridge: <null string>
0:967  0:000   - [08]: (change Method(GPRW,2,N) to XPRW, pair with SSDT-GPRW.aml) lenToFind: 5, lenToReplace: 5, Target Bridge: <null string>
0:967  0:000    patch disabled at config
0:967  0:000   - [09]: (change _OSI to XOSI, pair with SSDT-XOSI.aml) lenToFind: 4, lenToReplace: 4, Target Bridge: <null string>
0:967  0:000   - [10]: (AMD/Nvidia GPU PM- Rename PEGP to GFX0) lenToFind: 4, lenToReplace: 4, Target Bridge: <null string>
0:967  0:000  PluginType: 1
0:967  0:000  Using ProductName from config: iMac18,2
0:967  0:000  Using latest BiosVersion from clover
0:967  0:000  BiosVersion: IM183.88Z.0157.B00.1802080917
0:967  0:000  BiosReleaseDate: 02/08/2018
0:967  0:000  Using FirmwareFeatures from config: 0xFC0FE136
0:967  0:000  Using FirmwareFeaturesMask from config: 0xFF1FFF3F
0:967  0:000  Board-ID set from config as Mac-77F17D7DA9285301
0:967  0:000  BoardType: 0xA
0:967  0:000  ChassisType: 0x9
0:968  0:000  Converted CustomUUID 9806B7AE-EF4D-7459-B314-0B6409589D99
1:542  0:574  === [ ScanVolumes ] =======================================
1:542  0:000  Found 14 volumes with blockIO
1:542  0:000  - [00]: Volume: PciRoot(0x0)\Pci(0x17,0x0)\Sata(0x0,0xFFFF,0x0)
1:542  0:000  - [01]: Volume: PciRoot(0x0)\Pci(0x17,0x0)\Sata(0x5,0xFFFF,0x0)
1:543  0:000          Result of bootcode detection: bootable unknown (legacy)
1:543  0:000  - [02]: Volume: PciRoot(0x0)\Pci(0x17,0x0)\Sata(0x0,0xFFFF,0x0)\HD(1,GPT,C1A76299-20CC-43D2-ACE2-F09E8546DD19,0x22,0x64000)
1:543  0:000          Result of bootcode detection: bootable unknown (legacy)
1:545  0:001  - [03]: Volume: PciRoot(0x0)\Pci(0x17,0x0)\Sata(0x0,0xFFFF,0x0)\HD(2,GPT,3E4875A3-5F8D-456A-90C2-B08C1070893F,0x64028,0x26B9CFD8)
1:546  0:000          Result of bootcode detection: bootable Windows (vista,win)
1:546  0:000  - [04]: Volume: PciRoot(0x0)\Pci(0x17,0x0)\Sata(0x0,0xFFFF,0x0)\HD(3,GPT,DD267FBC-7B1D-4A04-87EC-29B870CD6D68,0x26C01000,0x26E00800)
1:546  0:000          Result of bootcode detection: bootable Windows (vista,win)
1:546  0:000  - [05]: Volume: PciRoot(0x0)\Pci(0x17,0x0)\Sata(0x0,0xFFFF,0x0)\HD(4,GPT,69EAF7BC-3B84-4C6A-BA72-C9FA83F2B06F,0x4DA01800,0x26C84800)
1:547  0:000  - [06]: Volume: PciRoot(0x0)\Pci(0x17,0x0)\Sata(0x5,0xFFFF,0x0)\HD(1,GPT,E063FA0D-4E3B-4D63-9559-76670138E7D0,0x800,0xC8000)
1:547  0:000          Result of bootcode detection: bootable unknown (legacy)
1:550  0:002          This is SelfVolume !!
1:550  0:000  - [07]: Volume: PciRoot(0x0)\Pci(0x17,0x0)\Sata(0x5,0xFFFF,0x0)\HD(2,GPT,E21EE998-C096-488A-86B5-550EE9DE2A19,0xC8800,0x40000)
1:551  0:000  - [08]: Volume: PciRoot(0x0)\Pci(0x17,0x0)\Sata(0x5,0xFFFF,0x0)\HD(3,GPT,0D8D62E8-DB35-4E70-827B-E20283B10D57,0x108800,0xDF33000)
1:551  0:000          Result of bootcode detection: bootable Windows (vista,win)
1:551  0:000  - [09]: Volume: PciRoot(0x0)\Pci(0x17,0x0)\Sata(0x5,0xFFFF,0x0)\HD(4,GPT,8DEC4E4A-F4CA-4F79-903C-05B0D64AAD13,0xE03B800,0xDEE8C88)
1:552  0:000          Result of bootcode detection: bootable unknown (legacy)
1:552  0:000  - [10]: Volume: PciRoot(0x0)\Pci(0x17,0x0)\Sata(0x5,0xFFFF,0x0)\HD(4,GPT,8DEC4E4A-F4CA-4F79-903C-05B0D64AAD13,0xE03B800,0xDEE8C88)\VenMedia(BE74FCF7-0B7C-49F3-9147-01F4042E6842,B230771DCEAE9846B47C4E865791D14E)
1:552  0:000          hiding this volume
1:552  0:000  - [11]: Volume: PciRoot(0x0)\Pci(0x17,0x0)\Sata(0x5,0xFFFF,0x0)\HD(4,GPT,8DEC4E4A-F4CA-4F79-903C-05B0D64AAD13,0xE03B800,0xDEE8C88)\VenMedia(BE74FCF7-0B7C-49F3-9147-01F4042E6842,E629DCD3E6A9B24DA979A038A2DC6491)
1:552  0:000  - [12]: Volume: PciRoot(0x0)\Pci(0x17,0x0)\Sata(0x5,0xFFFF,0x0)\HD(4,GPT,8DEC4E4A-F4CA-4F79-903C-05B0D64AAD13,0xE03B800,0xDEE8C88)\VenMedia(BE74FCF7-0B7C-49F3-9147-01F4042E6842,C7C418F2C64D994DAA051A5E26667FC1)
1:552  0:000          hiding this volume
1:552  0:000  - [13]: Volume: PciRoot(0x0)\Pci(0x17,0x0)\Sata(0x5,0xFFFF,0x0)\HD(4,GPT,8DEC4E4A-F4CA-4F79-903C-05B0D64AAD13,0xE03B800,0xDEE8C88)\VenMedia(BE74FCF7-0B7C-49F3-9147-01F4042E6842,F65FB271148C66418F8B71FFEA1B9B2D)
1:556  0:004  Loading nvram.plist from Vol 'EFI' - loaded, size=1918
1:566  0:010  === [ PutNvramPlistToRtVars ] =============================
1:566  0:000   Adding Key: EFILoginHiDPI: Size = 4, Data: 01 00 00 00 
1:566  0:000   Skipping EmuVariableUefiPresent
1:566  0:000   Adding Key: SystemAudioVolume: Size = 1, Data: 30 
1:566  0:000   Adding Key: SystemAudioVolumeDB: Size = 1, Data: F0 
1:566  0:000   Adding Key: backlight-level: Size = 2, Data: FF FF 
1:566  0:000   Adding Key: bootercfg: Size = 2, Data: 28 00 
1:566  0:000   Adding Key: csr-active-config: Size = 4, Data: 67 00 00 00 
1:566  0:000   Adding Key: fakesmc-key-#KEY-ui32: Size = 4, Data: 00 00 00 04 
1:566  0:000   Adding Key: fakesmc-key-$Adr-ui32: Size = 4, Data: 00 00 03 00 
1:566  0:000   Adding Key: fakesmc-key-$Num-ui8: Size = 1, Data: 01 
1:566  0:000   Adding Key: fakesmc-key-BATP-flag: Size = 1, Data: 00 
1:566  0:000   Adding Key: fakesmc-key-BEMB-flag: Size = 1, Data: 00 
1:566  0:000   Adding Key: fakesmc-key-BNum-ui8: Size = 1, Data: 00 
1:566  0:000   Adding Key: fakesmc-key-EPCI-ui32: Size = 4, Data: 09 70 F0 00 
1:566  0:000   Adding Key: fakesmc-key-MSAc-ui16: Size = 2, Data: 00 00 
1:566  0:000   Adding Key: fakesmc-key-MSFW-ui8: Size = 2, Data: 01 00 
1:566  0:000   Adding Key: fakesmc-key-MSPS-ui16: Size = 2, Data: 00 03 
1:566  0:000   Adding Key: fakesmc-key-MSTc-ui8: Size = 1, Data: 00 
1:566  0:000   Adding Key: fakesmc-key-MSWr-ui8: Size = 1, Data: 00 
1:566  0:000   Adding Key: fakesmc-key-RBr -ch8*: Size = 8, Data: 6A 31 33 33 5F 34 5F 00 
1:566  0:000   Adding Key: fakesmc-key-REV -ch8*: Size = 6, Data: 02 40 0F 00 00 00 
1:566  0:000   Adding Key: fakesmc-key-RMde-char: Size = 1, Data: 41 
1:566  0:000   Adding Key: fakesmc-key-RPlt-ch8*: Size = 8, Data: 6A 31 33 35 00 00 00 00 
1:566  0:000   Adding Key: fmm-computer-name: Size = 16, Data: E5 A7 9A E5 8D AB E5 85 B5 E7 9A 84 69 4D 61 63 
1:566  0:000   Adding Key: nvda_drv: Size = 2, Data: 31 00 
1:566  0:000   Adding Key: prev-lang:kbd: Size = 4, Data: 65 6E 3A 30 
1:566  0:000   Adding Key: security-mode: String: Size = 4, Val = 'none'
1:566  0:000   Adding Key: specialbootdevice: Size = 110, Data: 02 01 0C 00 D0 41 03 0A 00 00 00 00 01 01 06 00 00 17 03 12 0A 00 05 00 FF FF 00 00 04 01 2A 00 04 00 00 00 00 B8 03 0E 00 00 00 00 88 8C EE 0D 00 00 00 00 4A 4E EC 8D CA F4 79 4F 90 3C 05 B0 D6 4A AD 13 02 02 04 03 24 00 F7 FC 74 BE 7C 0B F3 49 91 47 01 F4 04 2E 68 42 E6 29 DC D3 E6 A9 B2 4D A9 79 A0 38 A2 DC 64 91 7F FF 04 00 
1:566  0:000  === [ InitTheme ] =========================================
1:577  0:010  Using theme 'El Capitan' (EFI\CLOVER\themes\El Capitan)
1:577  0:000  OS main and drive as badge
1:577  0:000  Warning! Character width 23 should be even!
1:583  0:006  Loading font from ThemeDir: Success
1:583  0:000  Choosing theme El Capitan
1:583  0:000  after NVRAM boot-args=-igfxbeta darkwake=0 -xcpm shikigva=12 -lilubeta
1:583  0:000  === [ Dump SMC keys from NVRAM ] ==========================
1:583  0:000  found AppleSMC protocol
1:584  0:000  Registered 16 SMC keys
1:584  0:000  === [ ScanLoader ] ========================================
1:584  0:000  - [02]: 'EFI'
1:598  0:014  - [05]: 'macfile'
1:598  0:000  - [06]: 'EFI'
1:611  0:012          AddLoaderEntry for Volume Name=EFI
1:624  0:012  - [10]: 'Preboot', hidden
1:624  0:000  - [11]: 'MAC OS'
1:657  0:032          AddLoaderEntry for Volume Name=MAC OS
1:670  0:013      Check if volume Is Hibernated:
1:670  0:000      Check sleep image 'by signature':
1:695  0:024      read prefs \Library\Preferences\com.apple.PowerManagement.plist status=Success
1:695  0:000      using default sleep image name = \private\var\vm\sleepimage
1:708  0:012      sleepimage not found -> Not Found
1:708  0:000      hibernated: no - sign
1:714  0:005          [!] Icon 17 (icons\vol_internal_hfs.icns) not found (path: EFI\CLOVER\themes\El Capitan)
1:724  0:010  - [12]: 'Recovery', hidden
1:724  0:000  - [13]: 'VM'
1:724  0:000  === [ AddCustomTool ] =====================================
1:734  0:010  EmuVariable InstallEmulation: EFI_ALREADY_STARTED
1:734  0:000  === [ GetEfiBootDeviceFromNvram ] =========================
1:734  0:000   - found entry 0. 'Boot Microsoft EFI Boot from EFI', Volume 'EFI', DevicePath 'PciRoot(0x0)\Pci(0x17,0x0)\Sata(0x5,0xFFFF,0x0)\HD(1,GPT,E063FA0D-4E3B-4D63-9559-76670138E7D0,0x800,0xC8000)\EFI\microsoft\Boot\bootmgfw.efii'
1:734  0:000  EmuVariable UninstallEmulation: CloseEvent = Success, original var services restored
1:734  0:000  DefaultIndex=0 and MainMenu.EntryCount=6
2:447  0:712  GUI ready
5:662  3:214  Found BIOS RSDP at F05B0
5:662  0:000  Printing ACPI tables from RSDP F05B0 ...
5:662  0:000   F05B0: 'RSD PTR ', Rev: 0 (Acpi 1.0), Len: 20
5:662  0:000    (Rsdt: BA68F028)
5:662  0:000    BA68F028: 'RSDT', 'A M I', Rev: 1, Len: 116
5:662  0:000    Tables in Rsdt: 20
5:662  0:000    0. BA68F178: 'FACP', 'A M I', Rev: 2, Len: 132
5:662  0:000        (Dsdt: BA68F200, Facs: BAA3AC00)
5:662  0:000        BA68F200: 'DSDT', 'A M I', Rev: 2, Len: 158555
5:663  0:001        BAA3AC00: 'FACS', Ver: 0, Len: 64
5:663  0:000    1. BA6B5E78: 'APIC', 'A M I', Rev: 3, Len: 132
5:663  0:000    2. BA6B5F00: 'FPDT', 'A M I', Rev: 1, Len: 68
5:663  0:000    3. BA6B5F48: 'MCFG', 'A M I', Rev: 1, Len: 60
5:663  0:000    4. BA6B5F88: 'SSDT', 'SataTabl', Rev: 1, Len: 956
5:663  0:000    5. BA6B6348: 'FIDT', 'A M I', Rev: 1, Len: 156
5:663  0:000    6. BA6B63E8: 'SSDT', 'SaSsdt', Rev: 2, Len: 12633
5:663  0:000    7. BA6B9548: 'SSDT', 'PegSsdt', Rev: 2, Len: 9567
5:663  0:000    8. BA6BBAA8: 'HPET', 'KBL', Rev: 1, Len: 56
5:663  0:000    9. BA6BBAE0: 'SSDT', 'Ther_Rvp', Rev: 2, Len: 3557
5:663  0:000    10. BA6BC8C8: 'SSDT', 'xh_rvp10', Rev: 2, Len: 10967
5:663  0:000    11. BA6BF3A0: 'UEFI', 'EDK2', Rev: 1, Len: 66
5:663  0:000    12. BA6BF3E8: 'SSDT', 'CpuSsdt', Rev: 2, Len: 3806
5:663  0:000    13. BA6C02C8: 'LPIT', 'KBL', Rev: 1, Len: 148
5:663  0:000    14. BA6C0360: 'WSMT', 'KBL', Rev: 1, Len: 40
5:663  0:000    15. BA6C0388: 'SSDT', 'sensrhub', Rev: 2, Len: 671
5:663  0:000    16. BA6C0628: 'SSDT', 'PtidDevc', Rev: 2, Len: 12290
5:663  0:000    17. BA6C3630: 'DBGP', '', Rev: 1, Len: 52
5:663  0:000    18. BA6C3668: 'DBG2', '', Rev: 0, Len: 84
5:663  0:000    19. BA6C36C0: 'BGRT', 'A M I', Rev: 1, Len: 56
5:663  0:000  Found UEFI Acpi 2.0 RSDP at BA68F000
5:663  0:000  Saving ACPI tables from RSDP BA68F000 to EFI\CLOVER\ACPI\origin ...
5:663  0:000   BA68F000: 'RSD PTR ', Rev: 2 (Acpi 2.0 or newer), Len: 36 -> RSDP.aml
5:691  0:027    (Xsdt: BA68F0A0, Rsdt: BA68F028)
5:691  0:000    BA68F0A0: 'XSDT', 'A M I', Rev: 1, Len: 196 -> XSDT.aml
5:716  0:025    BA68F028: 'RSDT', 'A M I', Rev: 1, Len: 116 -> RSDT.aml
5:742  0:025    Tables in Xsdt: 20
5:742  0:000    0. BA6B5D60: 'FACP', 'A M I', Rev: 6, Len: 276 -> FACP.aml
5:774  0:031        (Dsdt: BA68F200, Facs: BAA3AC40, XDsdt: BA68F200, XFacs: 0)
5:774  0:000        BA68F200: 'DSDT', 'A M I', Rev: 2, Len: 158555 -> DSDT.aml
5:803  0:028        BAA3AC40: 'FACS', Ver: 2, Len: 64 -> FACS.aml
5:828  0:025    1. BA6B5E78: 'APIC', 'A M I', Rev: 3, Len: 132 -> APIC.aml
5:855  0:027    2. BA6B5F00: 'FPDT', 'A M I', Rev: 1, Len: 68 -> FPDT.aml
5:880  0:024    3. BA6B5F48: 'MCFG', 'A M I', Rev: 1, Len: 60 -> MCFG.aml
5:908  0:027    4. BA6B5F88: 'SSDT', 'SataTabl', Rev: 1, Len: 956 -> SSDT-0-SataTabl.aml
5:933  0:025    5. BA6B6348: 'FIDT', 'A M I', Rev: 1, Len: 156 -> FIDT.aml
5:960  0:026    6. BA6B63E8: 'SSDT', 'SaSsdt', Rev: 2, Len: 12633 -> SSDT-1-SaSsdt.aml
5:986  0:025    7. BA6B9548: 'SSDT', 'PegSsdt', Rev: 2, Len: 9567 -> SSDT-2-PegSsdt.aml
6:011  0:025    8. BA6BBAA8: 'HPET', 'KBL', Rev: 1, Len: 56 -> HPET.aml
6:036  0:025    9. BA6BBAE0: 'SSDT', 'Ther_Rvp', Rev: 2, Len: 3557 -> SSDT-3-Ther_Rvp.aml
6:061  0:024    10. BA6BC8C8: 'SSDT', 'xh_rvp10', Rev: 2, Len: 10967 -> SSDT-4-xh_rvp10.aml
6:085  0:024    11. BA6BF3A0: 'UEFI', 'EDK2', Rev: 1, Len: 66 -> UEFI.aml
6:111  0:025    12. BA6BF3E8: 'SSDT', 'CpuSsdt', Rev: 2, Len: 3806 -> SSDT-5-CpuSsdt.aml (Found hidden SSDT 7 pcs)
6:135  0:024        * BA1E3398: 'SSDT', 'Cpu0Ist', Rev: 2, Len: 1815  53 53 44 54 17 07 00 00 02 B6 50 6D 52 65 66 00 Internal length = 1815 -> SSDT-x5_0-Cpu0Ist.aml
6:160  0:024        * BA1C9018: 'SSDT', 'ApIst', Rev: 2, Len: 1628  53 53 44 54 5C 06 00 00 02 AF 50 6D 52 65 66 00 Internal length = 1628 -> SSDT-x5_1-ApIst.aml
6:185  0:024        * BA1C9898: 'SSDT', 'Cpu0Cst', Rev: 2, Len: 1023  53 53 44 54 FF 03 00 00 02 AF 50 6D 52 65 66 00 Internal length = 1023 -> SSDT-x5_2-Cpu0Cst.aml
6:210  0:025        * BA1C9DD8: 'SSDT', 'ApCst', Rev: 2, Len: 394  53 53 44 54 8A 01 00 00 02 39 50 6D 52 65 66 00 Internal length = 394 -> SSDT-x5_3-ApCst.aml
6:235  0:025        * B7209A98: 'SSDT', 'Cpu0Hwp', Rev: 2, Len: 277  53 53 44 54 15 01 00 00 02 AE 50 6D 52 65 66 00 Internal length = 277 -> SSDT-x5_4-Cpu0Hwp.aml
6:262  0:026        * B720A218: 'SSDT', 'ApHwp', Rev: 2, Len: 407  53 53 44 54 97 01 00 00 02 F1 50 6D 52 65 66 00 Internal length = 407 -> SSDT-x5_5-ApHwp.aml
6:287  0:025        * B7209BD8: 'SSDT', 'HwpLvt', Rev: 2, Len: 420  53 53 44 54 A4 01 00 00 02 3C 50 6D 52 65 66 00 Internal length = 420 -> SSDT-x5_6-HwpLvt.aml
6:314  0:027  
6:314  0:000    13. BA6C02C8: 'LPIT', 'KBL', Rev: 1, Len: 148 -> LPIT.aml
6:340  0:025    14. BA6C0360: 'WSMT', 'KBL', Rev: 1, Len: 40 -> WSMT.aml
6:365  0:025    15. BA6C0388: 'SSDT', 'sensrhub', Rev: 2, Len: 671 -> SSDT-6-sensrhub.aml
6:392  0:026    16. BA6C0628: 'SSDT', 'PtidDevc', Rev: 2, Len: 12290 -> SSDT-7-PtidDevc.aml
6:418  0:025    17. BA6C3630: 'DBGP', '', Rev: 1, Len: 52 -> DBGP.aml
6:442  0:024    18. BA6C3668: 'DBG2', '', Rev: 0, Len: 84 -> DBG2.aml
6:468  0:025    19. BA6C36C0: 'BGRT', 'A M I', Rev: 1, Len: 56 -> BGRT.aml
6:494  0:025    Tables in Rsdt: 20
6:494  0:000    0. BA68F178: 'FACP', 'A M I', Rev: 2, Len: 132 -> RSDT-FACP.aml
6:519  0:025        (Dsdt: BA68F200, Facs: BAA3AC00)
6:519  0:000        BA68F200: 'DSDT', 'A M I', Rev: 2, Len: 158555
6:521  0:001        BAA3AC00: 'FACS', Ver: 0, Len: 64 -> RSDT-FACS.aml
6:546  0:024    1. BA6B5E78: 'APIC', 'A M I', Rev: 3, Len: 132
6:546  0:000    2. BA6B5F00: 'FPDT', 'A M I', Rev: 1, Len: 68
6:546  0:000    3. BA6B5F48: 'MCFG', 'A M I', Rev: 1, Len: 60
6:546  0:000    4. BA6B5F88: 'SSDT', 'SataTabl', Rev: 1, Len: 956
6:546  0:000    5. BA6B6348: 'FIDT', 'A M I', Rev: 1, Len: 156
6:546  0:000    6. BA6B63E8: 'SSDT', 'SaSsdt', Rev: 2, Len: 12633
6:546  0:000    7. BA6B9548: 'SSDT', 'PegSsdt', Rev: 2, Len: 9567
6:546  0:000    8. BA6BBAA8: 'HPET', 'KBL', Rev: 1, Len: 56
6:546  0:000    9. BA6BBAE0: 'SSDT', 'Ther_Rvp', Rev: 2, Len: 3557
6:546  0:000    10. BA6BC8C8: 'SSDT', 'xh_rvp10', Rev: 2, Len: 10967
6:546  0:000    11. BA6BF3A0: 'UEFI', 'EDK2', Rev: 1, Len: 66
6:546  0:000    12. BA6BF3E8: 'SSDT', 'CpuSsdt', Rev: 2, Len: 3806
6:546  0:000    13. BA6C02C8: 'LPIT', 'KBL', Rev: 1, Len: 148
6:546  0:000    14. BA6C0360: 'WSMT', 'KBL', Rev: 1, Len: 40
6:546  0:000    15. BA6C0388: 'SSDT', 'sensrhub', Rev: 2, Len: 671
6:546  0:000    16. BA6C0628: 'SSDT', 'PtidDevc', Rev: 2, Len: 12290
6:546  0:000    17. BA6C3630: 'DBGP', '', Rev: 1, Len: 52
6:546  0:000    18. BA6C3668: 'DBG2', '', Rev: 0, Len: 84
6:546  0:000    19. BA6C36C0: 'BGRT', 'A M I', Rev: 1, Len: 56
6:546  0:000  Found UEFI Acpi 1.0 RSDP at BA68F000
6:546  0:000  Printing ACPI tables from RSDP BA68F000 ...
6:546  0:000   BA68F000: 'RSD PTR ', Rev: 2 (Acpi 2.0 or newer), Len: 36
6:546  0:000    (Xsdt: BA68F0A0, Rsdt: BA68F028)
6:546  0:000    BA68F0A0: 'XSDT', 'A M I', Rev: 1, Len: 196
6:546  0:000    BA68F028: 'RSDT', 'A M I', Rev: 1, Len: 116
6:546  0:000    Tables in Xsdt: 20
6:546  0:000    0. BA6B5D60: 'FACP', 'A M I', Rev: 6, Len: 276
6:546  0:000        (Dsdt: BA68F200, Facs: BAA3AC40, XDsdt: BA68F200, XFacs: 0)
6:546  0:000        BA68F200: 'DSDT', 'A M I', Rev: 2, Len: 158555
6:548  0:001        BAA3AC40: 'FACS', Ver: 2, Len: 64
6:548  0:000    1. BA6B5E78: 'APIC', 'A M I', Rev: 3, Len: 132
6:548  0:000    2. BA6B5F00: 'FPDT', 'A M I', Rev: 1, Len: 68
6:548  0:000    3. BA6B5F48: 'MCFG', 'A M I', Rev: 1, Len: 60
6:548  0:000    4. BA6B5F88: 'SSDT', 'SataTabl', Rev: 1, Len: 956
6:548  0:000    5. BA6B6348: 'FIDT', 'A M I', Rev: 1, Len: 156
6:548  0:000    6. BA6B63E8: 'SSDT', 'SaSsdt', Rev: 2, Len: 12633
6:548  0:000    7. BA6B9548: 'SSDT', 'PegSsdt', Rev: 2, Len: 9567
6:548  0:000    8. BA6BBAA8: 'HPET', 'KBL', Rev: 1, Len: 56
6:548  0:000    9. BA6BBAE0: 'SSDT', 'Ther_Rvp', Rev: 2, Len: 3557
6:548  0:000    10. BA6BC8C8: 'SSDT', 'xh_rvp10', Rev: 2, Len: 10967
6:548  0:000    11. BA6BF3A0: 'UEFI', 'EDK2', Rev: 1, Len: 66
6:548  0:000    12. BA6BF3E8: 'SSDT', 'CpuSsdt', Rev: 2, Len: 3806
6:548  0:000    13. BA6C02C8: 'LPIT', 'KBL', Rev: 1, Len: 148
6:548  0:000    14. BA6C0360: 'WSMT', 'KBL', Rev: 1, Len: 40
6:548  0:000    15. BA6C0388: 'SSDT', 'sensrhub', Rev: 2, Len: 671
6:548  0:000    16. BA6C0628: 'SSDT', 'PtidDevc', Rev: 2, Len: 12290
6:548  0:000    17. BA6C3630: 'DBGP', '', Rev: 1, Len: 52
6:548  0:000    18. BA6C3668: 'DBG2', '', Rev: 0, Len: 84
6:548  0:000    19. BA6C36C0: 'BGRT', 'A M I', Rev: 1, Len: 56
6:548  0:000    Tables in Rsdt: 20
6:548  0:000    0. BA68F178: 'FACP', 'A M I', Rev: 2, Len: 132
6:548  0:000        (Dsdt: BA68F200, Facs: BAA3AC00)
6:548  0:000        BA68F200: 'DSDT', 'A M I', Rev: 2, Len: 158555
6:550  0:001        BAA3AC00: 'FACS', Ver: 0, Len: 64
6:550  0:000    1. BA6B5E78: 'APIC', 'A M I', Rev: 3, Len: 132
6:550  0:000    2. BA6B5F00: 'FPDT', 'A M I', Rev: 1, Len: 68
6:550  0:000    3. BA6B5F48: 'MCFG', 'A M I', Rev: 1, Len: 60
6:550  0:000    4. BA6B5F88: 'SSDT', 'SataTabl', Rev: 1, Len: 956
6:550  0:000    5. BA6B6348: 'FIDT', 'A M I', Rev: 1, Len: 156
6:550  0:000    6. BA6B63E8: 'SSDT', 'SaSsdt', Rev: 2, Len: 12633
6:550  0:000    7. BA6B9548: 'SSDT', 'PegSsdt', Rev: 2, Len: 9567
6:550  0:000    8. BA6BBAA8: 'HPET', 'KBL', Rev: 1, Len: 56
6:550  0:000    9. BA6BBAE0: 'SSDT', 'Ther_Rvp', Rev: 2, Len: 3557
6:550  0:000    10. BA6BC8C8: 'SSDT', 'xh_rvp10', Rev: 2, Len: 10967
6:550  0:000    11. BA6BF3A0: 'UEFI', 'EDK2', Rev: 1, Len: 66
6:550  0:000    12. BA6BF3E8: 'SSDT', 'CpuSsdt', Rev: 2, Len: 3806
6:550  0:000    13. BA6C02C8: 'LPIT', 'KBL', Rev: 1, Len: 148
6:550  0:000    14. BA6C0360: 'WSMT', 'KBL', Rev: 1, Len: 40
6:550  0:000    15. BA6C0388: 'SSDT', 'sensrhub', Rev: 2, Len: 671
6:550  0:000    16. BA6C0628: 'SSDT', 'PtidDevc', Rev: 2, Len: 12290
6:550  0:000    17. BA6C3630: 'DBGP', '', Rev: 1, Len: 52
6:550  0:000    18. BA6C3668: 'DBG2', '', Rev: 0, Len: 84
6:550  0:000    19. BA6C36C0: 'BGRT', 'A M I', Rev: 1, Len: 56
7:742  1:192  BootVariable of the entry is empty
7:742  0:000  === [ StartLoader ] =======================================
7:742  0:000  Finally: ExternalClock=25MHz BusSpeed=100248kHz CPUFreq=3408MHz PIS: hw.busfrequency=100000000Hz
7:742  0:000  Loading boot.efi  status=Success
7:821  0:079  GetOSVersion: 10.13.4 (17E199)
7:821  0:000  CSR_CFG: CSR_ALLOW_UNTRUSTED_KEXTS | CSR_ALLOW_UNRESTRICTED_FS | CSR_ALLOW_TASK_FOR_PID | CSR_ALLOW_UNRESTRICTED_DTRACE | CSR_ALLOW_UNRESTRICTED_NVRAM
7:821  0:000  Filtering KextPatches:
7:821  0:000   - [00]: com.apple.driver.usb.AppleUSBXHCI (USB 10.13.4+ by PMHeart) :: BinPatch :: [OS: 10.13.4 | MatchOS: 10.13.x | MatchBuild: All] ==> allowed
7:821  0:000  Will not patch boot.efi
7:821  0:000  EmuVariable InstallEmulation: orig vars copied, emu.var.services installed, CreateEvent VirtualAddressChange = Success, CreateEvent ExitBootServices = Success, set Status=Success
7:895  0:074  === [ PatchSmbios ] =======================================
7:895  0:000  insert table 9 for dev 0:0
7:895  0:000  insert table 9 for dev 0:1
7:895  0:000  insert table 9 for dev 0:0
7:896  0:000  Trusting SMBIOS...
7:896  0:000  Channels: 2
7:896  0:000  Interleave: 0 2 1 3 4 6 5 7 8 10 9 11 12 14 13 15 16 18 17 19 20 22 21 23
7:896  0:000   partNum=DDR4 2400 2OZ       
7:896  0:000  SMBIOS Type 17 Index = 0 => 0 0:
7:896  0:000  BANK 0 DIMM0 2400MHz 8192MB
7:896  0:000   partNum=DDR4 2400 2OZ       
7:896  0:000  SMBIOS Type 17 Index = 1 => 2 2:
7:896  0:000  BANK 1 DIMM0 2400MHz 8192MB
7:896  0:000  SMBIOS Type 17 Index = 2 => 1 1:
7:896  0:000  BANK 0 DIMM1 EMPTY
7:896  0:000  SMBIOS Type 17 Index = 3 => 3 3:
7:896  0:000  BANK 1 DIMM1 EMPTY
7:896  0:000  mTotalSystemMemory = 16384
7:896  0:000  NumberOfMemoryDevices = 4
7:896  0:000  Type20[0]->End = 0x7FFFFF, Type17[0] = 0x2000
7:896  0:000  Type20[1]->End = 0xFFFFFF, Type17[1] = 0x6000
7:896  0:000  Table 131 is present, CPUType=35
7:896  0:000  Change to: 605
7:896  0:000  === [ PatchACPI ] =========================================
7:896  0:000  Xsdt reallocation done
7:896  0:000  old FADT length=114
7:896  0:000   SignatureFixup: 0xB39D9A81 -> 0x0
7:898  0:001  Apply DsdtFixMask=0x00000001
7:898  0:000     drop _DSM mask=0xFFFF
7:898  0:000  === [ FixBiosDsdt ] =======================================
7:898  0:000  VideoCard devID=0x1C0310DE
7:898  0:000  DisplayADR1[0] = 0x10000, DisplayADR2[0] = 0x0
7:898  0:000  USBADR[0] = 0x140000 and PCIe = 0xFFFE
7:911  0:013  Patching DSDT:
7:911  0:000   - [change GFX0 to IGPU]: pattern 47465830, patched at: [ (51) (12) (12) (12) (12) (12) (12) (12) (12) (12) (12) (12) (12) (12) (6A) (12) (355) (12) (50) (3450) (6C7F) (7D31) (1B) (33C6) (14) (8A8D) (151A) (677D) ]
7:911  0:000   - [change HDAS to HDEF]: pattern 48444153, patched at: [ (2E7) (12) (12) (B536) (1D12) (84) (D) (2B) (32) (4F) (7B) (C3) (18257) ]
7:911  0:000   - [change SAT0 to SATA]: pattern 53415430, patched at: [ (320) (D) (D) (16) (D4E2) (30) (10A12) (1501) (4E2) (2A) (29) (2E) (2E) (2E) ]
7:911  0:000   - [change HECI to IMEI]: pattern 48454349, patched at: [ (11E61) ]
7:911  0:000   - [Rename _DSM to XDSM]: pattern 5F44534D, patched at: [ (3A21) (11EC) (388) (388) (388) (388) (388) (388) (388) (388) (388) (395) (388) (388) (388) (388) (388) (388) (388) (388) (388) (388) (388) (388) (388) (1CE4) (77) (29) (72E) (103) (6) (E87) (50F) (11) (53) (22) (22) (33) (14) (24) (236F) (D3) (D3) (D3) (D3) (D3) (BE) (BE) (CC) (104) (104) (2B2) (603) (F2D) (14A) (9B) (37) (EC) (395C) (714) (6BE) (6BE) (6BE) (6D7) (6BE) (6BE) (6BE) (6D7) (6BE) (6BE) (6BE) (6BE) (6BE) (6BE) (6BE) (6BE) (6BE) (6BE) (6BE) (2152) (1DF7) (1FD) (1FC) (1FC) (212) (20F) (210) (210) (503) (929) (92C) (92C) (6E7) (1F0) (14D) (F85) ]
7:912  0:000   - [change H_EC to EC]: pattern 485F4543, patched at: [ (2D1) (23A) (CE9D) (10) (4DD9) (1B) (15) (14) (12F) (15) (25) (22) (15) (73B) (16) (16) (33) (185) (9A) (A6F) (12) (F) (29) (12) (F) (E2A) (14) (13A) (14) (CC3B) (1F) (24) (25) (44A7) (12) (10) (1D) (12) (10) (1B) (11) (1C) (11) (48D) (516) ]
7:912  0:000   - [change Method(_WAK,1,N) to ZWAK, pair with SSDT-PTSWAK.aml]: pattern 5F57414B, patched at: [ (A0FC) ]
7:912  0:000   - [change Method(_PTS,1,N) to ZPTS, pair with SSDT-PTSWAK.aml]: pattern 5F505453, patched at: [ (A09F) ]
7:912  0:000   - [change Method(GPRW,2,N) to XPRW, pair with SSDT-GPRW.aml]: disabled
7:912  0:000   - [change _OSI to XOSI, pair with SSDT-XOSI.aml]: pattern 5F4F5349, patched at: [ (A4BE) (8A8B) (3) (11) (18) (1C) (1C) (1A) (18) (18) (18) (18) ]
7:912  0:000   - [AMD/Nvidia GPU PM- Rename PEGP to GFX0]: pattern 50454750, patched at: [ (3BDE) (3F) (3F) (10315) ]
7:912  0:000  first CPU found at A162 offset A165
7:912  0:000  score candidate at A15E
7:912  0:000  score inserted in acpi_cpu_score _PR_
7:912  0:000  Found ACPI CPU: CPU0 | CPU1 | CPU2 | CPU3 | CPU4 | CPU5 | CPU6 | CPU7 , within the score: _PR_
7:913  0:000  Found PCIROOTUID = 0
7:913  0:000  PreCleanup XSDT: count=20, length=196
7:913  0:000  PreCleanup XSDT, corrected XSDT: count=20, length=196
7:913  0:000  === [ ACPIPatchedAML ] ====================================
7:913  0:000  AutoMerge pass 1
7:913  0:000  Unsorted
7:913  0:000  Inserting SSDT-XOSI.aml from EFI\CLOVER\ACPI\patched: ignore on pass 1
7:913  0:000  Inserting SSDT-XCPM.aml from EFI\CLOVER\ACPI\patched: ignore on pass 1
7:913  0:000  Inserting SSDT-SMBUS.aml from EFI\CLOVER\ACPI\patched: ignore on pass 1
7:913  0:000  Inserting SSDT-UIAC.aml from EFI\CLOVER\ACPI\patched: ignore on pass 1
7:913  0:000  Inserting SSDT-RMCF.aml from EFI\CLOVER\ACPI\patched: ignore on pass 1
7:913  0:000  Inserting SSDT-XHC.aml from EFI\CLOVER\ACPI\patched: ignore on pass 1
7:913  0:000  Inserting SSDT-PTSWAK.aml from EFI\CLOVER\ACPI\patched: ignore on pass 1
7:913  0:000  Inserting SSDT-HDEF.aml from EFI\CLOVER\ACPI\patched: ignore on pass 1
7:913  0:000  Inserting SSDT-EC.aml from EFI\CLOVER\ACPI\patched: ignore on pass 1
7:913  0:000  === [ ACPIDropTables ] ====================================
7:913  0:000  === [ PatchAllSSDT ] ======================================
7:913  0:000  Patch table: SSDT  SataTabl len=0x3BC
7:913  0:000  0. [change GFX0 to IGPU]: pattern 47465830, bin not found / already patched!
7:913  0:000  1. [change HDAS to HDEF]: pattern 48444153, bin not found / already patched!
7:913  0:000  2. [change SAT0 to SATA]: pattern 53415430, patched at: [ (27) (E) (12) (12) (12) (12) (12) (AB) ]
7:913  0:000  3. [change HECI to IMEI]: pattern 48454349, bin not found / already patched!
7:913  0:000  4. [Rename _DSM to XDSM]: pattern 5F44534D, bin not found / already patched!
7:913  0:000  5. [change H_EC to EC]: pattern 485F4543, bin not found / already patched!
7:913  0:000  6. [change Method(_WAK,1,N) to ZWAK, pair with SSDT-PTSWAK.aml]: pattern 5F57414B, bin not found / already patched!
7:913  0:000  7. [change Method(_PTS,1,N) to ZPTS, pair with SSDT-PTSWAK.aml]: pattern 5F505453, bin not found / already patched!
7:913  0:000  8. [change Method(GPRW,2,N) to XPRW, pair with SSDT-GPRW.aml]: disabled
7:913  0:000  9. [change _OSI to XOSI, pair with SSDT-XOSI.aml]: pattern 5F4F5349, bin not found / already patched!
7:913  0:000  10. [AMD/Nvidia GPU PM- Rename PEGP to GFX0]: pattern 50454750, bin not found / already patched!
7:913  0:000  Patch table: SSDT  SaSsdt  len=0x3159
7:913  0:000  0. [change GFX0 to IGPU]: pattern 47465830, patched at: [ (2D) (20) (46) (2A0) (1C8A) (A3A) (1D) (6EC) ]
7:913  0:000  1. [change HDAS to HDEF]: pattern 48444153, bin not found / already patched!
7:913  0:000  2. [change SAT0 to SATA]: pattern 53415430, bin not found / already patched!
7:913  0:000  3. [change HECI to IMEI]: pattern 48454349, bin not found / already patched!
7:913  0:000  4. [Rename _DSM to XDSM]: pattern 5F44534D, patched at: [ (2C47) ]
7:913  0:000  5. [change H_EC to EC]: pattern 485F4543, bin not found / already patched!
7:913  0:000  6. [change Method(_WAK,1,N) to ZWAK, pair with SSDT-PTSWAK.aml]: pattern 5F57414B, bin not found / already patched!
7:913  0:000  7. [change Method(_PTS,1,N) to ZPTS, pair with SSDT-PTSWAK.aml]: pattern 5F505453, bin not found / already patched!
7:913  0:000  8. [change Method(GPRW,2,N) to XPRW, pair with SSDT-GPRW.aml]: disabled
7:913  0:000  9. [change _OSI to XOSI, pair with SSDT-XOSI.aml]: pattern 5F4F5349, bin not found / already patched!
7:913  0:000  10. [AMD/Nvidia GPU PM- Rename PEGP to GFX0]: pattern 50454750, bin not found / already patched!
7:913  0:000  Patch table: SSDT  PegSsdt len=0x255F
7:913  0:000  0. [change GFX0 to IGPU]: pattern 47465830, bin not found / already patched!
7:913  0:000  1. [change HDAS to HDEF]: pattern 48444153, bin not found / already patched!
7:913  0:000  2. [change SAT0 to SATA]: pattern 53415430, bin not found / already patched!
7:913  0:000  3. [change HECI to IMEI]: pattern 48454349, bin not found / already patched!
7:913  0:000  4. [Rename _DSM to XDSM]: pattern 5F44534D, patched at: [ (415) (34B) (345) ]
7:913  0:000  5. [change H_EC to EC]: pattern 485F4543, bin not found / already patched!
7:913  0:000  6. [change Method(_WAK,1,N) to ZWAK, pair with SSDT-PTSWAK.aml]: pattern 5F57414B, bin not found / already patched!
7:913  0:000  7. [change Method(_PTS,1,N) to ZPTS, pair with SSDT-PTSWAK.aml]: pattern 5F505453, bin not found / already patched!
7:913  0:000  8. [change Method(GPRW,2,N) to XPRW, pair with SSDT-GPRW.aml]: disabled
7:913  0:000  9. [change _OSI to XOSI, pair with SSDT-XOSI.aml]: pattern 5F4F5349, bin not found / already patched!
7:913  0:000  10. [AMD/Nvidia GPU PM- Rename PEGP to GFX0]: pattern 50454750, patched at: [ (23B) (24) (24) (401) (13) (334) (13) (330) (13) ]
7:913  0:000  Patch table: SSDT  Ther_Rvp len=0xDE5
7:913  0:000  0. [change GFX0 to IGPU]: pattern 47465830, bin not found / already patched!
7:913  0:000  1. [change HDAS to HDEF]: pattern 48444153, bin not found / already patched!
7:913  0:000  2. [change SAT0 to SATA]: pattern 53415430, bin not found / already patched!
7:913  0:000  3. [change HECI to IMEI]: pattern 48454349, bin not found / already patched!
7:914  0:000  4. [Rename _DSM to XDSM]: pattern 5F44534D, bin not found / already patched!
7:914  0:000  5. [change H_EC to EC]: pattern 485F4543, patched at: [ (18E) (16) (16) (16) (16) (16) (16) (16) (4E4) (22) (18) (20) (18) (15) (15) (13) (251) (14) (14) (17D) (14) (14) (1A) (14) ]
7:914  0:000  6. [change Method(_WAK,1,N) to ZWAK, pair with SSDT-PTSWAK.aml]: pattern 5F57414B, bin not found / already patched!
7:914  0:000  7. [change Method(_PTS,1,N) to ZPTS, pair with SSDT-PTSWAK.aml]: pattern 5F505453, bin not found / already patched!
7:914  0:000  8. [change Method(GPRW,2,N) to XPRW, pair with SSDT-GPRW.aml]: disabled
7:914  0:000  9. [change _OSI to XOSI, pair with SSDT-XOSI.aml]: pattern 5F4F5349, bin not found / already patched!
7:914  0:000  10. [AMD/Nvidia GPU PM- Rename PEGP to GFX0]: pattern 50454750, bin not found / already patched!
7:914  0:000  Patch table: SSDT  xh_rvp10 len=0x2AD7
7:914  0:000  0. [change GFX0 to IGPU]: pattern 47465830, bin not found / already patched!
7:914  0:000  1. [change HDAS to HDEF]: pattern 48444153, bin not found / already patched!
7:914  0:000  2. [change SAT0 to SATA]: pattern 53415430, bin not found / already patched!
7:914  0:000  3. [change HECI to IMEI]: pattern 48454349, bin not found / already patched!
7:914  0:000  4. [Rename _DSM to XDSM]: pattern 5F44534D, bin not found / already patched!
7:914  0:000  5. [change H_EC to EC]: pattern 485F4543, bin not found / already patched!
7:914  0:000  6. [change Method(_WAK,1,N) to ZWAK, pair with SSDT-PTSWAK.aml]: pattern 5F57414B, bin not found / already patched!
7:914  0:000  7. [change Method(_PTS,1,N) to ZPTS, pair with SSDT-PTSWAK.aml]: pattern 5F505453, bin not found / already patched!
7:914  0:000  8. [change Method(GPRW,2,N) to XPRW, pair with SSDT-GPRW.aml]: disabled
7:914  0:000  9. [change _OSI to XOSI, pair with SSDT-XOSI.aml]: pattern 5F4F5349, bin not found / already patched!
7:914  0:000  10. [AMD/Nvidia GPU PM- Rename PEGP to GFX0]: pattern 50454750, bin not found / already patched!
7:914  0:000  Patch table: SSDT  CpuSsdt len=0xEDE
7:914  0:000  0. [change GFX0 to IGPU]: pattern 47465830, bin not found / already patched!
7:914  0:000  1. [change HDAS to HDEF]: pattern 48444153, bin not found / already patched!
7:914  0:000  2. [change SAT0 to SATA]: pattern 53415430, bin not found / already patched!
7:914  0:000  3. [change HECI to IMEI]: pattern 48454349, bin not found / already patched!
7:914  0:000  4. [Rename _DSM to XDSM]: pattern 5F44534D, bin not found / already patched!
7:914  0:000  5. [change H_EC to EC]: pattern 485F4543, bin not found / already patched!
7:914  0:000  6. [change Method(_WAK,1,N) to ZWAK, pair with SSDT-PTSWAK.aml]: pattern 5F57414B, bin not found / already patched!
7:914  0:000  7. [change Method(_PTS,1,N) to ZPTS, pair with SSDT-PTSWAK.aml]: pattern 5F505453, bin not found / already patched!
7:914  0:000  8. [change Method(GPRW,2,N) to XPRW, pair with SSDT-GPRW.aml]: disabled
7:914  0:000  9. [change _OSI to XOSI, pair with SSDT-XOSI.aml]: pattern 5F4F5349, bin not found / already patched!
7:914  0:000  10. [AMD/Nvidia GPU PM- Rename PEGP to GFX0]: pattern 50454750, bin not found / already patched!
7:914  0:000  Patch table: SSDT  sensrhub len=0x29F
7:914  0:000  0. [change GFX0 to IGPU]: pattern 47465830, bin not found / already patched!
7:914  0:000  1. [change HDAS to HDEF]: pattern 48444153, bin not found / already patched!
7:914  0:000  2. [change SAT0 to SATA]: pattern 53415430, bin not found / already patched!
7:914  0:000  3. [change HECI to IMEI]: pattern 48454349, bin not found / already patched!
7:914  0:000  4. [Rename _DSM to XDSM]: pattern 5F44534D, patched at: [ (A5) ]
7:914  0:000  5. [change H_EC to EC]: pattern 485F4543, bin not found / already patched!
7:914  0:000  6. [change Method(_WAK,1,N) to ZWAK, pair with SSDT-PTSWAK.aml]: pattern 5F57414B, bin not found / already patched!
7:914  0:000  7. [change Method(_PTS,1,N) to ZPTS, pair with SSDT-PTSWAK.aml]: pattern 5F505453, bin not found / already patched!
7:914  0:000  8. [change Method(GPRW,2,N) to XPRW, pair with SSDT-GPRW.aml]: disabled
7:914  0:000  9. [change _OSI to XOSI, pair with SSDT-XOSI.aml]: pattern 5F4F5349, bin not found / already patched!
7:914  0:000  10. [AMD/Nvidia GPU PM- Rename PEGP to GFX0]: pattern 50454750, bin not found / already patched!
7:914  0:000  Patch table: SSDT  PtidDevc len=0x3002
7:914  0:000  0. [change GFX0 to IGPU]: pattern 47465830, bin not found / already patched!
7:914  0:000  1. [change HDAS to HDEF]: pattern 48444153, bin not found / already patched!
7:914  0:000  2. [change SAT0 to SATA]: pattern 53415430, bin not found / already patched!
7:914  0:000  3. [change HECI to IMEI]: pattern 48454349, bin not found / already patched!
7:914  0:000  4. [Rename _DSM to XDSM]: pattern 5F44534D, bin not found / already patched!
7:914  0:000  5. [change H_EC to EC]: pattern 485F4543, patched at: [ (24) (57) (16) (16) (16) (16) (16) (16) (16) (16) (16) (16) (3A) (16) (16) (16) (16) (16) (16) (16) (16) (16) (16) (16) (16) (16) (16) (16) (16) (16) (16) (16) (16) (16) (16) (16) (16) (16) (16) (16) (16) (16) (16) (16) (16) (16) (16) (16) (16) (16) (16) (16) (16) (16) (16) (16) (16) (16) (16) (16) (16) (16) (16) (16) (16) (16) (16) (16) (16) (16) (16) (16) (16) (16) (16) (16) (16) (16) (16) (16) (16) (16) (16) (16) (B4D) (17) (14) (25) (14) (25) (14) (25) (14) (25) (14) (25) (14) (25) (14) (3E) (1A) (14) (24) (14) (24) (14) (24) (14) (24) (14) (11E) (17) (14) (25) (14) (25) (14) (25) (14) (25) (14) (25) (14) (25) (14) (25) (14) (56) (1A) (14) (24) (14) (24) (14) (24) (14) (8D) (15) (14) (1B) (14) (1D) (14) (1C) (14) (1E) (14) (1C) (14) (1C) (14) (1C) (14) (1C) (14) (1C) (14) (1C) (14) (1C) (14) (1C) (14) (1C) (14) (1C) (14) (1C) (14) (35) (14) (16) (14) (44) (4E) (14) (1B) (14) (1B) (14) (1D) (14) (20) (14) (20) (14) (20) (14) (20) (14) (4F) (14) (1B) (14) (1B) (14) (1D) (14) (20) (14) (20) (14) (20) (14) (AE) (15) (14) (1C) (14) (1C) (14) (1C) (14) (1C) (14) (1C) (14) (1C) (14) (1C) (14) (1C) (14) (1C) (14) (1C) (14) (1C) (14) (1C) (14) (1C) (14) (1C) (14) (1C) (14) (1C) (14) (1C) (14) (1C) (14) (1C) (14) (3A) (14) (1A) (13) (1A) (13) (1A) (13) (1A) (13) (1A) (13) (1A) (13) (1A) (13) (1A) (13) (1A) (13) (1A) (13) (1A) (13) (1A) (13) (1A) (13) (1A) (13) (1A) (13) (1A) (13) (1A) (13) (1A) (13) (1A) (13) (1A) (13) (21) (14) (21) (14) (23) (15) (14) (25) (15) (14) (19) (14) (1D) (14) (1D) (14) ]
7:914  0:000  6. [change Method(_WAK,1,N) to ZWAK, pair with SSDT-PTSWAK.aml]: pattern 5F57414B, bin not found / already patched!
7:914  0:000  7. [change Method(_PTS,1,N) to ZPTS, pair with SSDT-PTSWAK.aml]: pattern 5F505453, bin not found / already patched!
7:914  0:000  8. [change Method(GPRW,2,N) to XPRW, pair with SSDT-GPRW.aml]: disabled
7:914  0:000  9. [change _OSI to XOSI, pair with SSDT-XOSI.aml]: pattern 5F4F5349, bin not found / already patched!
7:914  0:000  10. [AMD/Nvidia GPU PM- Rename PEGP to GFX0]: pattern 50454750, bin not found / already patched!
7:914  0:000  === [ ACPIPatchedAML ] ====================================
7:914  0:000  AutoMerge pass 2
7:914  0:000  Unsorted
7:914  0:000  Inserting SSDT-XOSI.aml from EFI\CLOVER\ACPI\patched: size=178 ... Success
7:917  0:003  Inserting SSDT-XCPM.aml from EFI\CLOVER\ACPI\patched: size=96 ... Success
7:920  0:002  Inserting SSDT-SMBUS.aml from EFI\CLOVER\ACPI\patched: size=138 ... Success
7:922  0:002  Inserting SSDT-UIAC.aml from EFI\CLOVER\ACPI\patched: size=1118 ... Success
7:924  0:002  Inserting SSDT-RMCF.aml from EFI\CLOVER\ACPI\patched: size=784 ... Success
7:926  0:002  Inserting SSDT-XHC.aml from EFI\CLOVER\ACPI\patched: size=384 ... Success
7:929  0:002  Inserting SSDT-PTSWAK.aml from EFI\CLOVER\ACPI\patched: size=782 ... Success
7:931  0:002  Inserting SSDT-HDEF.aml from EFI\CLOVER\ACPI\patched: size=245 ... Success
7:934  0:002  Inserting SSDT-EC.aml from EFI\CLOVER\ACPI\patched: size=63 ... Success
7:936  0:002  CPUBase=0 and ApicCPUBase=1 ApicCPUNum=1
7:936  0:000  Cleanup XSDT: count=29, length=268
7:936  0:000  corrected XSDT count=29, length=268
7:936  0:000  === [ RestSetup macOS ] ===================================
7:936  0:000  EdidDiscovered size=0
7:936  0:000  NVidia GFX injection not set
7:936  0:000  Intel HD Graphics 630 [8086:5912] :: PciRoot(0x0)\Pci(0x2,0x0)
7:936  0:000    Found Full HD Display - 16:9 :: Width=1920 Height=1080
7:936  0:000    Beginning DualLink auto-detection
7:936  0:000    High Resolution Display
7:936  0:000    AAPL00,DualLink = 1
7:936  0:000    FakeID Intel GFX: not set
7:936  0:000    ig-platform-id = 0x59120003
7:936  0:000    Beginning Intel GFX auto-detection with ACPI injection
7:936  0:000    Found FakeID Intel GFX = 0x59128086
7:936  0:000  Intel GFX revision  = 0x4
7:936  0:000   RCBA disabled; cannot use it
7:936  0:000  stringlength = 1354
7:936  0:000  CurrentMode: Width=1920 Height=1080
7:936  0:000  Beginning FSInjection
FSInjectionInstall ...
- Our FSI_SIMPLE_FILE_SYSTEM_PROTOCOL installed on handle: B5B50A58
FSInjectionInstall ...
- Our FSI_SIMPLE_FILE_SYSTEM_PROTOCOL installed on handle: B5B50A58
7:939  0:002  Use origin smbios table type 1 guid.
7:942  0:002  Preparing kexts injection for arch=x86_64 from EFI\CLOVER\kexts\Other
7:942  0:000  Extra kext: EFI\CLOVER\kexts\Other\IntelGraphicsFixup.kext (v.1.2.7)
7:957  0:015  Extra kext: EFI\CLOVER\kexts\Other\FakeSMC_LPCSensors.kext (v.1787)
8:004  0:046  Extra kext: EFI\CLOVER\kexts\Other\FakeSMC_GPUSensors.kext (v.1787)
8:017  0:012  Extra kext: EFI\CLOVER\kexts\Other\FakeSMC_CPUSensors.kext (v.1787)
8:026  0:009  Extra kext: EFI\CLOVER\kexts\Other\FakeSMC_ACPISensors.kext (v.1787)
8:039  0:013  Extra kext: EFI\CLOVER\kexts\Other\Lilu.kext (v.1.2.3)
8:053  0:013  Extra kext: EFI\CLOVER\kexts\Other\FakeSMC.kext (v.1787)
8:065  0:012  Extra kext: EFI\CLOVER\kexts\Other\Shiki.kext (v.2.2.6)
8:078  0:012  Extra kext: EFI\CLOVER\kexts\Other\NvidiaGraphicsFixup.kext (v.1.2.6)
8:091  0:012  Extra kext: EFI\CLOVER\kexts\Other\dAGPM.kext (v.1.0.0)
8:097  0:006  Extra kext: EFI\CLOVER\kexts\Other\RealtekRTL8111.kext (v.2.2.1)
8:110  0:012  Extra kext: EFI\CLOVER\kexts\Other\USBInjectAll.kext (v.0.6.2)
8:462  0:351  Extra kext: EFI\CLOVER\kexts\Other\XHCI-200-series-injector.kext (v.0.5.0)
8:467  0:004  Extra kext: EFI\CLOVER\kexts\Other\AppleALC.kext (v.1.2.6)
8:887  0:420  SetScreenResolution: 1920x1080 - already set
8:887  0:000  Custom boot is disabled
8:887  0:000  Closing log
