0:100  0:100  MemLog inited, TSC freq: 3408482400
0:100  0:000  CPU was calibrated with RTC
0:100  0:000  
0:100  0:000  Now is 22.3.2019,  17:42:59 (GMT)
0:100  0:000  Starting Clover revision: 4895 on American Megatrends EFI
0:100  0:000  Build with: [Args: -nb -mc --no-usb -D NO_GRUB_DRIVERS_EMBEDDED | -D DISABLE_USB_SUPPORT -D NO_GRUB_DRIVERS_EMBEDDED -D USE_BIOS_BLOCKIO -D USE_LOW_EBDA -D HAVE_LEGACY_EMURUNTIMEDXE -a X64 -b RELEASE -t XCODE8 -n 5 | OS: 10.13.6 | XCODE: 10.1]
0:100  0:000  SelfDevicePath=PciRoot(0x0)\Pci(0x17,0x0)\Sata(0x5,0xFFFF,0x0)\HD(1,GPT,E063FA0D-4E3B-4D63-9559-76670138E7D0,0x800,0xC8000) @B6823E98
0:100  0:000  SelfDirPath = \EFI\CLOVER
0:102  0:001  === [ Get Smbios ] ========================================
0:102  0:000  Type 16 Index = 0
0:102  0:000  Total Memory Slots Count = 4
0:102  0:000  Type 17 Index = 0
0:102  0:000  SmbiosTable.Type17->Speed = 2400MHz
0:102  0:000  SmbiosTable.Type17->Size = 8192MB
0:102  0:000  SmbiosTable.Type17->Bank/Device = BANK 0 ChannelA-DIMM0
0:102  0:000  SmbiosTable.Type17->Vendor = 04CB
0:102  0:000  SmbiosTable.Type17->SerialNumber = B8EB0100
0:102  0:000  SmbiosTable.Type17->PartNumber = DDR4 2400 2OZ       
0:102  0:000  Type 17 Index = 1
0:102  0:000  Ignoring insane frequency value 0MHz
0:102  0:000  SmbiosTable.Type17->Speed = 0MHz
0:102  0:000  SmbiosTable.Type17->Size = 0MB
0:102  0:000  SmbiosTable.Type17->Bank/Device = BANK 1 ChannelA-DIMM1
0:102  0:000  SmbiosTable.Type17->Vendor = <null string>
0:102  0:000  SmbiosTable.Type17->SerialNumber = <null string>
0:102  0:000  SmbiosTable.Type17->PartNumber = <null string>
0:102  0:000  Type 17 Index = 2
0:102  0:000  SmbiosTable.Type17->Speed = 2400MHz
0:102  0:000  SmbiosTable.Type17->Size = 8192MB
0:102  0:000  SmbiosTable.Type17->Bank/Device = BANK 2 ChannelB-DIMM0
0:102  0:000  SmbiosTable.Type17->Vendor = 04CB
0:102  0:000  SmbiosTable.Type17->SerialNumber = DCEA0100
0:102  0:000  SmbiosTable.Type17->PartNumber = DDR4 2400 2OZ       
0:102  0:000  Type 17 Index = 3
0:102  0:000  Ignoring insane frequency value 0MHz
0:102  0:000  SmbiosTable.Type17->Speed = 0MHz
0:102  0:000  SmbiosTable.Type17->Size = 0MB
0:102  0:000  SmbiosTable.Type17->Bank/Device = BANK 3 ChannelB-DIMM1
0:102  0:000  SmbiosTable.Type17->Vendor = <null string>
0:102  0:000  SmbiosTable.Type17->SerialNumber = <null string>
0:102  0:000  SmbiosTable.Type17->PartNumber = <null string>
0:102  0:000  Boot status=0
0:102  0:000  Running on: 'B250M-HD3' with board 'B250M-HD3-CF'
0:102  0:000  === [ GetCPUProperties ] ==================================
0:102  0:000  CPU Vendor = 756E6547 Model=906E9
0:102  0:000   The CPU supported SSE4.1
0:102  0:000  BrandString = Intel(R) Core(TM) i5-7500 CPU @ 3.40GHz
0:102  0:000   The CPU supported turbo
0:102  0:000  MSR 0x35               40004
0:102  0:000   TSC/CCC Information Leaf:
0:102  0:000    numerator     : 284
0:102  0:000    denominator   : 2
0:102  0:000   Calibrated ARTFrequency: 24003397
0:102  0:000  MSR 0xE2 before patch 1E000006
0:102  0:000  MSR 0xCE              08080838_F1012200
0:102  0:000  corrected FLEX_RATIO = 0
0:102  0:000  FSBFrequency = 106 MHz, DMI FSBFrequency = 100 MHz, Corrected FSBFrequency = 100 MHz
0:102  0:000  MaxDiv/MinDiv: 34.0/8
0:102  0:000  Turbo: 36/37/37/38
0:102  0:000  Features: 0xBFEBFBFF
0:102  0:000  Threads: 4
0:102  0:000  Cores: 4
0:102  0:000  FSB: 100 MHz
0:102  0:000  CPU: 3600 MHz
0:102  0:000  TSC: 3600 MHz
0:102  0:000  PIS: 100 MHz
0:102  0:000  ExternalClock: 25 MHz
0:102  0:000  === [ GetDevices ] ========================================
0:102  0:000  PCI (00|00:00.00) : 8086 591F class=060000
0:102  0:000  PCI (00|00:01.00) : 8086 1901 class=060400
0:102  0:000  PCI (00|01:00.00) : 10DE 1C03 class=030000
0:102  0:000   - GFX: Model=MSI GeForce GTX 1060 family 136 (Nvidia)
0:102  0:000  PCI (00|01:00.01) : 10DE 10F1 class=040300
0:102  0:000   - HDMI Audio: 
0:102  0:000  PCI (00|00:02.00) : 8086 5912 class=038000
0:102  0:000   - GFX: Model=Intel HD Graphics 630 (Intel)
0:102  0:000  PCI (00|00:08.00) : 8086 1911 class=088000
0:102  0:000  PCI (00|00:14.00) : 8086 A2AF class=0C0330
0:102  0:000  PCI (00|00:16.00) : 8086 A2BA class=078000
0:102  0:000  PCI (00|00:17.00) : 8086 A282 class=010601
0:102  0:000  PCI (00|00:1B.00) : 8086 A2EB class=060400
0:102  0:000  PCI (00|00:1C.00) : 8086 A294 class=060400
0:102  0:000  PCI (00|03:00.00) : 10EC 8168 class=020000
0:102  0:000   - LAN: 0 Vendor=Realtek
0:102  0:000  PCI (00|00:1C.05) : 8086 A295 class=060400
0:102  0:000  PCI (00|04:00.00) : 1283 8892 class=060401
0:102  0:000  PCI (00|00:1C.06) : 8086 A296 class=060400
0:102  0:000  PCI (00|00:1C.07) : 8086 A297 class=060400
0:102  0:000  PCI (00|00:1D.00) : 8086 A298 class=060400
0:102  0:000  PCI (00|00:1D.01) : 8086 A299 class=060400
0:102  0:000  PCI (00|00:1D.02) : 8086 A29A class=060400
0:102  0:000  PCI (00|00:1D.03) : 8086 A29B class=060400
0:102  0:000  PCI (00|00:1F.00) : 8086 A2C8 class=060100
0:102  0:000  PCI (00|00:1F.02) : 8086 A2A1 class=058000
0:102  0:000  PCI (00|00:1F.03) : 8086 A2F0 class=040300
0:102  0:000  PCI (00|00:1F.04) : 8086 A2A3 class=0C0500
0:102  0:000  === [ GetDefaultSettings ] ================================
0:102  0:000  Clover load options size = 0 bytes
0:110  0:007  EFI\CLOVER\config.plist loaded: Success
0:110  0:000  === [ GetListOfThemes ] ===================================
0:112  0:001  - [00]: metal
0:115  0:003  - [01]: CrispyOSX
0:119  0:004  - [02]: El Capitan
0:124  0:004  - [03]: random
0:128  0:004  - [03]: embedded
0:133  0:004  === [ Found config plists ] ===============================
0:134  0:001  - config.plist
0:135  0:000  === [ GetEarlyUserSettings ] ==============================
0:135  0:000  timeout set to 3
0:135  0:000  Custom boot CUSTOM_BOOT_DISABLED (0x0)
0:135  0:000  KextsToPatch: 1 requested
0:135  0:000   - [00]: com.apple.driver.usb.AppleUSBXHCI (USB 10.13.4+ by PMHeart) :: MatchOS: 10.13.x :: BinPatch :: data len: 10
0:135  0:000  KernelToPatch: 1 requested
0:135  0:000   - [00]: MSR 0xE2 _xcpm_idle instant reboot(c) Pike R. Alpha :: MatchOS: 10.13.x :: data len: 8
0:135  0:000  Default theme: El Capitan
0:135  0:000  Hiding entries with string Recovery HD
0:135  0:000  Hiding entries with string BOOTX64.EFI
0:135  0:000  Hiding entries with string Windows
0:135  0:000  Hiding entries with string Preboot
0:135  0:000  Hiding entries with string recovery
0:135  0:000  === [ LoadDrivers ] =======================================
0:137  0:001  Loading HFSPlus.efi  status=Success
0:143  0:006   - driver needs connecting
0:143  0:000  Loading OsxAptioFix3Drv-64.efi  status=Success
0:148  0:004  Loading DataHubDxe-64.efi  status=Success
0:154  0:005  Loading FSInject-64.efi  status=Success
0:159  0:005  Loading ApfsDriverLoader-64.efi  status=Success
0:164  0:005   - driver needs connecting
0:164  0:000  Loading AudioDxe-64.efi  status=Success
0:170  0:005   - driver needs connecting
0:170  0:000  Loading SMCHelper-64.efi  status=Success
0:176  0:006  3 drivers needs connecting ...
0:176  0:000  PlatformDriverOverrideProtocol->GetDriver overriden
0:176  0:000  HFS+ driver loaded
0:176  0:000  APFS driver loaded
0:176  0:000  Searching for invalid DiskIo BY_DRIVER connects: not found, all ok
6:820  6:643  === [ InitScreen ] ========================================
6:820  0:000  Console modes reported: 6, available modes:
6:820  0:000   - [01]: 80x25 (current mode)
6:820  0:000   - [02]: 80x50
6:820  0:000   - [03]: 100x31
6:820  0:000   - [04]: 127x33
6:820  0:000   - [06]: 120x50
6:820  0:000  SetScreenResolution: 1920x1080 - setting Mode 3
7:013  0:193  Video mode change to mode #3: Success
7:013  0:000  reinit: self device path=PciRoot(0x0)\Pci(0x17,0x0)\Sata(0x5,0xFFFF,0x0)\HD(1,GPT,E063FA0D-4E3B-4D63-9559-76670138E7D0,0x800,0xC8000)
7:015  0:002  Using embedded font: Success
7:016  0:000  === [ GetMacAddress ] =====================================
7:016  0:000  === [ ScanSPD ] ===========================================
7:016  0:000  Scanning SMBus [8086:A2A3], mmio: 0xF722A004, ioport: 0xF040, hostc: 0x11
7:034  0:018  Slot: 0 Type 26 8192MB 2400MHz Vendor=A-DATA Technology PartNo=DDR424002OZ SerialNo=0B080E0B00010000
7:053  0:018  Slot: 2 Type 26 8192MB 2400MHz Vendor=A-DATA Technology PartNo=DDR424002OZ SerialNo=0D0C0E0A00010000
7:054  0:000  === [ GetAcpiTablesList ] =================================
7:054  0:000  Get Acpi Tables List from RSDT:
7:054  0:000   - [00]: FACP  A M I  len=132
7:054  0:000   - [01]: APIC  A M I  len=132
7:054  0:000   - [02]: FPDT  A M I  len=68
7:054  0:000   - [03]: MCFG  A M I  len=60
7:054  0:000   - [04]: SSDT  SataTabl len=956
7:054  0:000   - [05]: FIDT  A M I len=156
7:054  0:000   - [06]: SSDT  SaSsdt  len=12633
7:054  0:000   - [07]: SSDT  PegSsdt len=9567
7:054  0:000   - [08]: HPET  KBL len=56
7:054  0:000   - [09]: SSDT  Ther_Rvp len=3557
7:054  0:000   - [10]: SSDT  xh_rvp10 len=10967
7:054  0:000   - [11]: UEFI  EDK2     len=66
7:054  0:000   - [12]: SSDT  CpuSsdt len=3806
7:054  0:000   - [13]: LPIT  KBL len=148
7:054  0:000   - [14]: WSMT  KBL len=40
7:054  0:000   - [15]: SSDT  sensrhub len=671
7:054  0:000   - [16]: SSDT  PtidDevc len=12290
7:054  0:000   - [17]: DBGP   len=52
7:054  0:000   - [18]: DBG2   len=84
7:054  0:000   - [19]: BGRT  A M I  len=56
7:054  0:000  Calibrated TSC Frequency = 3408482400 = 3408MHz
7:054  0:000  === [ GetUserSettings ] ===================================
7:054  0:000  USB FixOwnership: yes
7:054  0:000  Dropping 3 tables:
7:054  0:000   - [00]: Drop table  signature="DMAR" (52414D44)
7:054  0:000           - set table: 52414D44,                0 to drop: no
7:054  0:000   - [01]: Drop table  signature="SSDT" (54445353) table-id="CpuPm" (0000006D50757043)
7:054  0:000           - set table: 54445353,       6D50757043 to drop: no
7:054  0:000   - [02]: Drop table  signature="SSDT" (54445353) table-id="Cpu0Ist" (0074734930757043)
7:054  0:000           - set table: 54445353,   74734930757043 to drop: no
7:054  0:000   - final DSDT Fix mask=00000000
7:054  0:000  PatchesDSDT: 11 requested
7:054  0:000   - [00]: (change GFX0 to IGPU) lenToFind: 4, lenToReplace: 4, Target Bridge: <null string>
7:054  0:000   - [01]: (change HDAS to HDEF) lenToFind: 4, lenToReplace: 4, Target Bridge: <null string>
7:054  0:000   - [02]: (change SAT0 to SATA) lenToFind: 4, lenToReplace: 4, Target Bridge: <null string>
7:054  0:000   - [03]: (change HECI to IMEI) lenToFind: 4, lenToReplace: 4, Target Bridge: <null string>
7:054  0:000   - [04]: (Rename _DSM to XDSM) lenToFind: 4, lenToReplace: 4, Target Bridge: <null string>
7:054  0:000   - [05]: (change H_EC to EC) lenToFind: 4, lenToReplace: 4, Target Bridge: <null string>
7:054  0:000   - [06]: (change Method(_WAK,1,N) to ZWAK, pair with SSDT-PTSWAK.aml) lenToFind: 5, lenToReplace: 5, Target Bridge: <null string>
7:054  0:000   - [07]: (change Method(_PTS,1,N) to ZPTS, pair with SSDT-PTSWAK.aml) lenToFind: 5, lenToReplace: 5, Target Bridge: <null string>
7:054  0:000   - [08]: (change Method(GPRW,2,N) to XPRW, pair with SSDT-GPRW.aml) lenToFind: 5, lenToReplace: 5, Target Bridge: <null string>
7:054  0:000    patch disabled at config
7:054  0:000   - [09]: (change _OSI to XOSI, pair with SSDT-XOSI.aml) lenToFind: 4, lenToReplace: 4, Target Bridge: <null string>
7:054  0:000   - [10]: (AMD/Nvidia GPU PM- Rename PEGP to GFX0) lenToFind: 4, lenToReplace: 4, Target Bridge: <null string>
7:054  0:000  Using ProductName from config: iMac18,2
7:054  0:000  Using latest BiosVersion from clover
7:054  0:000  BiosVersion: IM183.88Z.F000.B00.1812191143
7:054  0:000  BiosReleaseDate: 12/19/2018
7:054  0:000  Using EfiVersion from config: 166.0.0.0.0
7:054  0:000  Using FirmwareFeatures from config: 0xFC0FE137
7:054  0:000  Using FirmwareFeaturesMask from config: 0xFF1FFF3F
7:054  0:000  Board-ID set from config as Mac-77F17D7DA9285301
7:054  0:000  BoardType: 0xA
7:054  0:000  ChassisType: 0x9
7:054  0:000  Converted CustomUUID 9806B7AE-EF4D-7459-B314-0B6409589D99
7:057  0:003  === [ Found DSDT tables ] =================================
7:180  0:122  === [ ScanVolumes ] =======================================
7:180  0:000  Found 15 volumes with blockIO
7:180  0:000  - [00]: Volume: PciRoot(0x0)\Pci(0x17,0x0)\Sata(0x0,0xFFFF,0x0)
7:181  0:000  - [01]: Volume: PciRoot(0x0)\Pci(0x17,0x0)\Sata(0x5,0xFFFF,0x0)
7:181  0:000          Result of bootcode detection: bootable unknown (legacy)
7:181  0:000  - [02]: Volume: PciRoot(0x0)\Pci(0x17,0x0)\Sata(0x0,0xFFFF,0x0)\HD(1,GPT,C1A76299-20CC-43D2-ACE2-F09E8546DD19,0x22,0x64000)
7:182  0:000          Result of bootcode detection: bootable unknown (legacy)
7:183  0:001  - [03]: Volume: PciRoot(0x0)\Pci(0x17,0x0)\Sata(0x0,0xFFFF,0x0)\HD(2,GPT,3E4875A3-5F8D-456A-90C2-B08C1070893F,0x64028,0x26B9CFD8)
7:184  0:000          Result of bootcode detection: bootable Windows (vista,win)
7:184  0:000  - [04]: Volume: PciRoot(0x0)\Pci(0x17,0x0)\Sata(0x0,0xFFFF,0x0)\HD(3,GPT,DD267FBC-7B1D-4A04-87EC-29B870CD6D68,0x26C01000,0x26E00800)
7:184  0:000          Result of bootcode detection: bootable Windows (vista,win)
7:184  0:000  - [05]: Volume: PciRoot(0x0)\Pci(0x17,0x0)\Sata(0x0,0xFFFF,0x0)\HD(4,GPT,69EAF7BC-3B84-4C6A-BA72-C9FA83F2B06F,0x4DA01800,0x26C84800)
7:185  0:000  - [06]: Volume: PciRoot(0x0)\Pci(0x17,0x0)\Sata(0x5,0xFFFF,0x0)\HD(1,GPT,E063FA0D-4E3B-4D63-9559-76670138E7D0,0x800,0xC8000)
7:186  0:000          Result of bootcode detection: bootable unknown (legacy)
7:187  0:001          This is SelfVolume !!
7:187  0:000  - [07]: Volume: PciRoot(0x0)\Pci(0x17,0x0)\Sata(0x5,0xFFFF,0x0)\HD(2,GPT,E21EE998-C096-488A-86B5-550EE9DE2A19,0xC8800,0x40000)
7:188  0:000  - [08]: Volume: PciRoot(0x0)\Pci(0x17,0x0)\Sata(0x5,0xFFFF,0x0)\HD(3,GPT,0D8D62E8-DB35-4E70-827B-E20283B10D57,0x108800,0xDDA360D)
7:188  0:000          Result of bootcode detection: bootable Windows (vista,win)
7:188  0:000  - [09]: Volume: PciRoot(0x0)\Pci(0x17,0x0)\Sata(0x5,0xFFFF,0x0)\HD(4,GPT,4C041627-DA51-43B0-BF97-910A133B5D22,0xDEAC000,0x18F000)
7:189  0:000          Result of bootcode detection: bootable Windows (vista,win)
7:189  0:000  - [10]: Volume: PciRoot(0x0)\Pci(0x17,0x0)\Sata(0x5,0xFFFF,0x0)\HD(5,GPT,8DEC4E4A-F4CA-4F79-903C-05B0D64AAD13,0xE03B800,0xDEE8C88)
7:190  0:000          Result of bootcode detection: bootable unknown (legacy)
7:190  0:000  - [11]: Volume: PciRoot(0x0)\Pci(0x17,0x0)\Sata(0x5,0xFFFF,0x0)\HD(5,GPT,8DEC4E4A-F4CA-4F79-903C-05B0D64AAD13,0xE03B800,0xDEE8C88)\VenMedia(BE74FCF7-0B7C-49F3-9147-01F4042E6842,B230771DCEAE9846B47C4E865791D14E)
7:190  0:000          hiding this volume
7:190  0:000  - [12]: Volume: PciRoot(0x0)\Pci(0x17,0x0)\Sata(0x5,0xFFFF,0x0)\HD(5,GPT,8DEC4E4A-F4CA-4F79-903C-05B0D64AAD13,0xE03B800,0xDEE8C88)\VenMedia(BE74FCF7-0B7C-49F3-9147-01F4042E6842,E629DCD3E6A9B24DA979A038A2DC6491)
7:190  0:000  - [13]: Volume: PciRoot(0x0)\Pci(0x17,0x0)\Sata(0x5,0xFFFF,0x0)\HD(5,GPT,8DEC4E4A-F4CA-4F79-903C-05B0D64AAD13,0xE03B800,0xDEE8C88)\VenMedia(BE74FCF7-0B7C-49F3-9147-01F4042E6842,C7C418F2C64D994DAA051A5E26667FC1)
7:190  0:000          hiding this volume
7:190  0:000  - [14]: Volume: PciRoot(0x0)\Pci(0x17,0x0)\Sata(0x5,0xFFFF,0x0)\HD(5,GPT,8DEC4E4A-F4CA-4F79-903C-05B0D64AAD13,0xE03B800,0xDEE8C88)\VenMedia(BE74FCF7-0B7C-49F3-9147-01F4042E6842,F65FB271148C66418F8B71FFEA1B9B2D)
7:190  0:000  found 3 handles with audio
7:190  0:000  No AudioIoDevice stored
7:190  0:000  no stored audio parameters
7:190  0:000  === [ InitTheme ] =========================================
7:190  0:000  use daylight theme
7:196  0:005  Using theme 'El Capitan' (EFI\CLOVER\themes\El Capitan)
7:196  0:000  OS main and drive as badge
7:196  0:000  Warning! Character width 23 should be even!
7:197  0:000  file sound read: sound.wav Not Found
7:202  0:004  Loading font from ThemeDir: Success
7:202  0:000  theme inited
7:202  0:000  Chosen theme El Capitan
7:203  0:000  after NVRAM boot-args=darkwake=0
7:203  0:000  === [ Dump SMC keys from NVRAM ] ==========================
7:203  0:000  found AppleSMC protocol
7:266  0:062  Registered 17 SMC keys
7:267  0:001  === [ ScanLoader ] ========================================
7:267  0:000  - [02]: 'EFI'
7:278  0:010  - [05]: 'macfile'
7:294  0:015          AddLoaderEntry for Volume Name=macfile
7:294  0:000          skipped because entry is hidden
7:294  0:000  - [06]: 'EFI'
7:303  0:009          AddLoaderEntry for Volume Name=EFI
7:318  0:014          AddLoaderEntry for Volume Name=EFI
7:318  0:000          skipped because entry is hidden
7:318  0:000  - [11]: 'Preboot', hidden
7:318  0:000  - [12]: 'MAC OS'
7:498  0:180          AddLoaderEntry for Volume Name=MAC OS
7:534  0:035      Check if volume Is Hibernated:
7:534  0:000      Check sleep image 'by signature':
7:596  0:062      read prefs \Library\Preferences\com.apple.PowerManagement.plist status=Success
7:596  0:000      using default sleep image name = \private\var\vm\sleepimage
7:625  0:029      sleepimage not found -> Not Found
7:625  0:000      hibernated: no - sign
7:631  0:005          [!] Icon 18 (icons\vol_internal_apfs.icns) not found (path: EFI\CLOVER\themes\El Capitan)
7:660  0:028  - [13]: 'Recovery', hidden
7:660  0:000  - [14]: 'VM'
7:660  0:000  === [ AddCustomTool ] =====================================
7:670  0:010  === [ GetEfiBootDeviceFromNvram ] =========================
7:671  0:000   - efi-boot-device-data: PciRoot(0x0)\Pci(0x17,0x0)\Sata(0x5,0xFFFF,0x0)\HD(5,GPT,8DEC4E4A-F4CA-4F79-903C-05B0D64AAD13,0xE03B800,0xDEE8C88)\VenMedia(BE74FCF7-0B7C-49F3-9147-01F4042E6842,E629DCD3E6A9B24DA979A038A2DC6491)
7:671  0:000    - Volume: 'PciRoot(0x0)\Pci(0x17,0x0)\Sata(0x5,0xFFFF,0x0)\HD(5,GPT,8DEC4E4A-F4CA-4F79-903C-05B0D64AAD13,0xE03B800,0xDEE8C88)\VenMedia(BE74FCF7-0B7C-49F3-9147-01F4042E6842,E629DCD3E6A9B24DA979A038A2DC6491)'
7:671  0:000    - LoaderPath: '<null string>'
7:671  0:000    - Guid = 8DEC4E4A-F4CA-4F79-903C-05B0D64AAD13
7:671  0:000  === [ FindStartupDiskVolume ] =============================
7:671  0:000    - Volume: partition = PciRoot(0x0)\Pci(0x17,0x0)\Sata(0x5,0xFFFF,0x0)\HD(5,GPT,8DEC4E4A-F4CA-4F79-903C-05B0D64AAD13,0xE03B800,0xDEE8C88)\VenMedia(BE74FCF7-0B7C-49F3-9147-01F4042E6842,E629DCD3E6A9B24DA979A038A2DC6491)
7:671  0:000     - searching for that partition
7:671  0:000      - found entry 1. 'Boot macOS from MAC OS', Volume 'MAC OS'
7:671  0:000  Boot redirected to Entry 1. 'Boot macOS from MAC OS'
7:671  0:000  DefaultIndex=1 and MainMenu.EntryCount=6
7:671  0:000  Use anime=Anim_1_Logo frames=150
8:033  0:362   found 150 frames of the anime
8:033  0:000  recalculated Screen->Film position
8:033  0:000   Anime seems OK, init it
8:383  0:350  GUI ready
11:809  3:425  Found BIOS RSDP at F05B0
11:809  0:000  Printing ACPI tables from RSDP F05B0 ...
11:809  0:000   F05B0: 'RSD PTR ', Rev: 0 (Acpi 1.0), Len: 20
11:809  0:000    (Rsdt: BA68D028)
11:809  0:000    BA68D028: 'RSDT', 'A M I', Rev: 1, Len: 116
11:809  0:000    Tables in Rsdt: 20
11:809  0:000    0. BA68D178: 'FACP', 'A M I', Rev: 2, Len: 132
11:809  0:000        (Dsdt: BA68D200, Facs: BAA38C00)
11:809  0:000        BA68D200: 'DSDT', 'A M I', Rev: 2, Len: 158555
11:811  0:001        BAA38C00: 'FACS', Ver: 0, Len: 64
11:811  0:000    1. BA6B3E78: 'APIC', 'A M I', Rev: 3, Len: 132
11:811  0:000    2. BA6B3F00: 'FPDT', 'A M I', Rev: 1, Len: 68
11:811  0:000    3. BA6B3F48: 'MCFG', 'A M I', Rev: 1, Len: 60
11:811  0:000    4. BA6B3F88: 'SSDT', 'SataTabl', Rev: 1, Len: 956
11:811  0:000    5. BA6B4348: 'FIDT', 'A M I', Rev: 1, Len: 156
11:811  0:000    6. BA6B43E8: 'SSDT', 'SaSsdt', Rev: 2, Len: 12633
11:811  0:000    7. BA6B7548: 'SSDT', 'PegSsdt', Rev: 2, Len: 9567
11:811  0:000    8. BA6B9AA8: 'HPET', 'KBL', Rev: 1, Len: 56
11:811  0:000    9. BA6B9AE0: 'SSDT', 'Ther_Rvp', Rev: 2, Len: 3557
11:811  0:000    10. BA6BA8C8: 'SSDT', 'xh_rvp10', Rev: 2, Len: 10967
11:811  0:000    11. BA6BD3A0: 'UEFI', 'EDK2', Rev: 1, Len: 66
11:811  0:000    12. BA6BD3E8: 'SSDT', 'CpuSsdt', Rev: 2, Len: 3806
11:811  0:000    13. BA6BE2C8: 'LPIT', 'KBL', Rev: 1, Len: 148
11:811  0:000    14. BA6BE360: 'WSMT', 'KBL', Rev: 1, Len: 40
11:811  0:000    15. BA6BE388: 'SSDT', 'sensrhub', Rev: 2, Len: 671
11:811  0:000    16. BA6BE628: 'SSDT', 'PtidDevc', Rev: 2, Len: 12290
11:811  0:000    17. BA6C1630: 'DBGP', '', Rev: 1, Len: 52
11:811  0:000    18. BA6C1668: 'DBG2', '', Rev: 0, Len: 84
11:811  0:000    19. BA6C16C0: 'BGRT', 'A M I', Rev: 1, Len: 56
11:811  0:000  Found UEFI Acpi 2.0 RSDP at BA68D000
11:811  0:000  Saving ACPI tables from RSDP BA68D000 to EFI\CLOVER\ACPI\origin ...
11:811  0:000   BA68D000: 'RSD PTR ', Rev: 2 (Acpi 2.0 or newer), Len: 36 -> RSDP.aml
11:830  0:019    (Xsdt: BA68D0A0, Rsdt: BA68D028)
11:830  0:000    BA68D0A0: 'XSDT', 'A M I', Rev: 1, Len: 196 -> XSDT.aml
11:848  0:018    BA68D028: 'RSDT', 'A M I', Rev: 1, Len: 116 -> RSDT.aml
11:867  0:018    Tables in Xsdt: 20
11:867  0:000    0. BA6B3D60: 'FACP', 'A M I', Rev: 6, Len: 276 -> FACP.aml
11:887  0:019        (Dsdt: BA68D200, Facs: BAA38C40, XDsdt: BA68D200, XFacs: 0)
11:887  0:000        BA68D200: 'DSDT', 'A M I', Rev: 2, Len: 158555 -> DSDT.aml
11:911  0:024        BAA38C40: 'FACS', Ver: 2, Len: 64 -> FACS.aml
11:932  0:021    1. BA6B3E78: 'APIC', 'A M I', Rev: 3, Len: 132 -> APIC.aml
11:951  0:019    2. BA6B3F00: 'FPDT', 'A M I', Rev: 1, Len: 68 -> FPDT.aml
11:971  0:019    3. BA6B3F48: 'MCFG', 'A M I', Rev: 1, Len: 60 -> MCFG.aml
11:990  0:018    4. BA6B3F88: 'SSDT', 'SataTabl', Rev: 1, Len: 956 -> SSDT-0-SataTabl.aml
12:008  0:018    5. BA6B4348: 'FIDT', 'A M I', Rev: 1, Len: 156 -> FIDT.aml
12:027  0:018    6. BA6B43E8: 'SSDT', 'SaSsdt', Rev: 2, Len: 12633 -> SSDT-1-SaSsdt.aml
12:046  0:018    7. BA6B7548: 'SSDT', 'PegSsdt', Rev: 2, Len: 9567 -> SSDT-2-PegSsdt.aml
12:066  0:019    8. BA6B9AA8: 'HPET', 'KBL', Rev: 1, Len: 56 -> HPET.aml
12:084  0:018    9. BA6B9AE0: 'SSDT', 'Ther_Rvp', Rev: 2, Len: 3557 -> SSDT-3-Ther_Rvp.aml
12:104  0:019    10. BA6BA8C8: 'SSDT', 'xh_rvp10', Rev: 2, Len: 10967 -> SSDT-4-xh_rvp10.aml
12:124  0:019    11. BA6BD3A0: 'UEFI', 'EDK2', Rev: 1, Len: 66 -> UEFI.aml
12:142  0:018    12. BA6BD3E8: 'SSDT', 'CpuSsdt', Rev: 2, Len: 3806 -> SSDT-5-CpuSsdt.aml (Found hidden SSDT 7 pcs)
12:161  0:018        * BA1E1398: 'SSDT', 'Cpu0Ist', Rev: 2, Len: 1815  53 53 44 54 17 07 00 00 02 B6 50 6D 52 65 66 00 Internal length = 1815 -> SSDT-x5_0-Cpu0Ist.aml
12:179  0:018        * BA1C7018: 'SSDT', 'ApIst', Rev: 2, Len: 1628  53 53 44 54 5C 06 00 00 02 AF 50 6D 52 65 66 00 Internal length = 1628 -> SSDT-x5_1-ApIst.aml
12:199  0:019        * BA1C7898: 'SSDT', 'Cpu0Cst', Rev: 2, Len: 1023  53 53 44 54 FF 03 00 00 02 AF 50 6D 52 65 66 00 Internal length = 1023 -> SSDT-x5_2-Cpu0Cst.aml
12:217  0:018        * BA1C7DD8: 'SSDT', 'ApCst', Rev: 2, Len: 394  53 53 44 54 8A 01 00 00 02 39 50 6D 52 65 66 00 Internal length = 394 -> SSDT-x5_3-ApCst.aml
12:236  0:018        * B7207E58: 'SSDT', 'Cpu0Hwp', Rev: 2, Len: 277  53 53 44 54 15 01 00 00 02 AE 50 6D 52 65 66 00 Internal length = 277 -> SSDT-x5_4-Cpu0Hwp.aml
12:257  0:021        * B7208018: 'SSDT', 'ApHwp', Rev: 2, Len: 407  53 53 44 54 97 01 00 00 02 F1 50 6D 52 65 66 00 Internal length = 407 -> SSDT-x5_5-ApHwp.aml
12:275  0:018        * B7204DD8: 'SSDT', 'HwpLvt', Rev: 2, Len: 420  53 53 44 54 A4 01 00 00 02 3C 50 6D 52 65 66 00 Internal length = 420 -> SSDT-x5_6-HwpLvt.aml
12:293  0:017  
12:293  0:000    13. BA6BE2C8: 'LPIT', 'KBL', Rev: 1, Len: 148 -> LPIT.aml
12:311  0:018    14. BA6BE360: 'WSMT', 'KBL', Rev: 1, Len: 40 -> WSMT.aml
12:329  0:018    15. BA6BE388: 'SSDT', 'sensrhub', Rev: 2, Len: 671 -> SSDT-6-sensrhub.aml
12:350  0:020    16. BA6BE628: 'SSDT', 'PtidDevc', Rev: 2, Len: 12290 -> SSDT-7-PtidDevc.aml
12:369  0:019    17. BA6C1630: 'DBGP', '', Rev: 1, Len: 52 -> DBGP.aml
12:388  0:018    18. BA6C1668: 'DBG2', '', Rev: 0, Len: 84 -> DBG2.aml
12:406  0:018    19. BA6C16C0: 'BGRT', 'A M I', Rev: 1, Len: 56 -> BGRT.aml
12:425  0:018    Tables in Rsdt: 20
12:425  0:000    0. BA68D178: 'FACP', 'A M I', Rev: 2, Len: 132 -> RSDT-FACP.aml
12:443  0:018        (Dsdt: BA68D200, Facs: BAA38C00)
12:443  0:000        BA68D200: 'DSDT', 'A M I', Rev: 2, Len: 158555
12:445  0:001        BAA38C00: 'FACS', Ver: 0, Len: 64 -> RSDT-FACS.aml
12:464  0:018    1. BA6B3E78: 'APIC', 'A M I', Rev: 3, Len: 132
12:464  0:000    2. BA6B3F00: 'FPDT', 'A M I', Rev: 1, Len: 68
12:464  0:000    3. BA6B3F48: 'MCFG', 'A M I', Rev: 1, Len: 60
12:464  0:000    4. BA6B3F88: 'SSDT', 'SataTabl', Rev: 1, Len: 956
12:464  0:000    5. BA6B4348: 'FIDT', 'A M I', Rev: 1, Len: 156
12:464  0:000    6. BA6B43E8: 'SSDT', 'SaSsdt', Rev: 2, Len: 12633
12:464  0:000    7. BA6B7548: 'SSDT', 'PegSsdt', Rev: 2, Len: 9567
12:464  0:000    8. BA6B9AA8: 'HPET', 'KBL', Rev: 1, Len: 56
12:464  0:000    9. BA6B9AE0: 'SSDT', 'Ther_Rvp', Rev: 2, Len: 3557
12:464  0:000    10. BA6BA8C8: 'SSDT', 'xh_rvp10', Rev: 2, Len: 10967
12:464  0:000    11. BA6BD3A0: 'UEFI', 'EDK2', Rev: 1, Len: 66
12:464  0:000    12. BA6BD3E8: 'SSDT', 'CpuSsdt', Rev: 2, Len: 3806
12:464  0:000    13. BA6BE2C8: 'LPIT', 'KBL', Rev: 1, Len: 148
12:464  0:000    14. BA6BE360: 'WSMT', 'KBL', Rev: 1, Len: 40
12:464  0:000    15. BA6BE388: 'SSDT', 'sensrhub', Rev: 2, Len: 671
12:464  0:000    16. BA6BE628: 'SSDT', 'PtidDevc', Rev: 2, Len: 12290
12:464  0:000    17. BA6C1630: 'DBGP', '', Rev: 1, Len: 52
12:464  0:000    18. BA6C1668: 'DBG2', '', Rev: 0, Len: 84
12:464  0:000    19. BA6C16C0: 'BGRT', 'A M I', Rev: 1, Len: 56
12:464  0:000  Found UEFI Acpi 1.0 RSDP at BA68D000
12:464  0:000  Printing ACPI tables from RSDP BA68D000 ...
12:464  0:000   BA68D000: 'RSD PTR ', Rev: 2 (Acpi 2.0 or newer), Len: 36
12:464  0:000    (Xsdt: BA68D0A0, Rsdt: BA68D028)
12:464  0:000    BA68D0A0: 'XSDT', 'A M I', Rev: 1, Len: 196
12:464  0:000    BA68D028: 'RSDT', 'A M I', Rev: 1, Len: 116
12:464  0:000    Tables in Xsdt: 20
12:464  0:000    0. BA6B3D60: 'FACP', 'A M I', Rev: 6, Len: 276
12:464  0:000        (Dsdt: BA68D200, Facs: BAA38C40, XDsdt: BA68D200, XFacs: 0)
12:464  0:000        BA68D200: 'DSDT', 'A M I', Rev: 2, Len: 158555
12:465  0:001        BAA38C40: 'FACS', Ver: 2, Len: 64
12:465  0:000    1. BA6B3E78: 'APIC', 'A M I', Rev: 3, Len: 132
12:465  0:000    2. BA6B3F00: 'FPDT', 'A M I', Rev: 1, Len: 68
12:465  0:000    3. BA6B3F48: 'MCFG', 'A M I', Rev: 1, Len: 60
12:465  0:000    4. BA6B3F88: 'SSDT', 'SataTabl', Rev: 1, Len: 956
12:465  0:000    5. BA6B4348: 'FIDT', 'A M I', Rev: 1, Len: 156
12:465  0:000    6. BA6B43E8: 'SSDT', 'SaSsdt', Rev: 2, Len: 12633
12:465  0:000    7. BA6B7548: 'SSDT', 'PegSsdt', Rev: 2, Len: 9567
12:465  0:000    8. BA6B9AA8: 'HPET', 'KBL', Rev: 1, Len: 56
12:465  0:000    9. BA6B9AE0: 'SSDT', 'Ther_Rvp', Rev: 2, Len: 3557
12:465  0:000    10. BA6BA8C8: 'SSDT', 'xh_rvp10', Rev: 2, Len: 10967
12:465  0:000    11. BA6BD3A0: 'UEFI', 'EDK2', Rev: 1, Len: 66
12:465  0:000    12. BA6BD3E8: 'SSDT', 'CpuSsdt', Rev: 2, Len: 3806
12:465  0:000    13. BA6BE2C8: 'LPIT', 'KBL', Rev: 1, Len: 148
12:465  0:000    14. BA6BE360: 'WSMT', 'KBL', Rev: 1, Len: 40
12:465  0:000    15. BA6BE388: 'SSDT', 'sensrhub', Rev: 2, Len: 671
12:466  0:000    16. BA6BE628: 'SSDT', 'PtidDevc', Rev: 2, Len: 12290
12:466  0:000    17. BA6C1630: 'DBGP', '', Rev: 1, Len: 52
12:466  0:000    18. BA6C1668: 'DBG2', '', Rev: 0, Len: 84
12:466  0:000    19. BA6C16C0: 'BGRT', 'A M I', Rev: 1, Len: 56
12:466  0:000    Tables in Rsdt: 20
12:466  0:000    0. BA68D178: 'FACP', 'A M I', Rev: 2, Len: 132
12:466  0:000        (Dsdt: BA68D200, Facs: BAA38C00)
12:466  0:000        BA68D200: 'DSDT', 'A M I', Rev: 2, Len: 158555
12:467  0:001        BAA38C00: 'FACS', Ver: 0, Len: 64
12:467  0:000    1. BA6B3E78: 'APIC', 'A M I', Rev: 3, Len: 132
12:467  0:000    2. BA6B3F00: 'FPDT', 'A M I', Rev: 1, Len: 68
12:467  0:000    3. BA6B3F48: 'MCFG', 'A M I', Rev: 1, Len: 60
12:467  0:000    4. BA6B3F88: 'SSDT', 'SataTabl', Rev: 1, Len: 956
12:467  0:000    5. BA6B4348: 'FIDT', 'A M I', Rev: 1, Len: 156
12:467  0:000    6. BA6B43E8: 'SSDT', 'SaSsdt', Rev: 2, Len: 12633
12:467  0:000    7. BA6B7548: 'SSDT', 'PegSsdt', Rev: 2, Len: 9567
12:467  0:000    8. BA6B9AA8: 'HPET', 'KBL', Rev: 1, Len: 56
12:467  0:000    9. BA6B9AE0: 'SSDT', 'Ther_Rvp', Rev: 2, Len: 3557
12:467  0:000    10. BA6BA8C8: 'SSDT', 'xh_rvp10', Rev: 2, Len: 10967
12:467  0:000    11. BA6BD3A0: 'UEFI', 'EDK2', Rev: 1, Len: 66
12:467  0:000    12. BA6BD3E8: 'SSDT', 'CpuSsdt', Rev: 2, Len: 3806
12:467  0:000    13. BA6BE2C8: 'LPIT', 'KBL', Rev: 1, Len: 148
12:467  0:000    14. BA6BE360: 'WSMT', 'KBL', Rev: 1, Len: 40
12:467  0:000    15. BA6BE388: 'SSDT', 'sensrhub', Rev: 2, Len: 671
12:467  0:000    16. BA6BE628: 'SSDT', 'PtidDevc', Rev: 2, Len: 12290
12:467  0:000    17. BA6C1630: 'DBGP', '', Rev: 1, Len: 52
12:467  0:000    18. BA6C1668: 'DBG2', '', Rev: 0, Len: 84
12:467  0:000    19. BA6C16C0: 'BGRT', 'A M I', Rev: 1, Len: 56
17:272  4:805  BootVariable of the entry is empty
17:272  0:000  === [ StartLoader ] =======================================
17:272  0:000  Finally: ExternalClock=26MHz BusSpeed=100250kHz CPUFreq=3408MHz PIS: hw.busfrequency=104000000Hz
17:272  0:000  Loading boot.efi  status=Success
17:352  0:079  GetOSVersion: 10.13.6 (17G5019)
17:352  0:000  CSR_CFG: CSR_ALLOW_UNTRUSTED_KEXTS | CSR_ALLOW_UNRESTRICTED_FS | CSR_ALLOW_TASK_FOR_PID | CSR_ALLOW_UNRESTRICTED_DTRACE | CSR_ALLOW_UNRESTRICTED_NVRAM
17:352  0:000  Filtering KextPatches:
17:352  0:000   - [00]: com.apple.driver.usb.AppleUSBXHCI (USB 10.13.4+ by PMHeart) :: BinPatch :: [OS: 10.13.6 | MatchOS: 10.13.x | MatchBuild: All] ==> allowed
17:352  0:000  Filtering KernelPatches:
17:352  0:000   - [00]: MSR 0xE2 _xcpm_idle instant reboot(c) Pike R. Alpha :: [OS: 10.13.6 | MatchOS: 10.13.x | MatchBuild: no] ==> allowed by OS
17:352  0:000  Will not patch boot.efi
17:352  0:000  === [ PatchSmbios ] =======================================
17:352  0:000  insert table 9 for dev 0:0
17:352  0:000  insert table 9 for dev 0:1
17:352  0:000  insert table 9 for dev 0:0
17:353  0:000  Trusting SMBIOS...
17:353  0:000  Channels: 2
17:353  0:000  Interleave: 0 2 1 3 4 6 5 7 8 10 9 11 12 14 13 15 16 18 17 19 20 22 21 23
17:353  0:000   partNum=DDR4 2400 2OZ       
17:353  0:000  SMBIOS Type 17 Index = 0 => 0 0:
17:353  0:000  BANK 0 DIMM0 2400MHz 8192MB
17:353  0:000   partNum=DDR4 2400 2OZ       
17:353  0:000  SMBIOS Type 17 Index = 1 => 2 2:
17:353  0:000  BANK 1 DIMM0 2400MHz 8192MB
17:353  0:000  SMBIOS Type 17 Index = 2 => 1 1:
17:353  0:000  BANK 0 DIMM1 EMPTY
17:353  0:000  SMBIOS Type 17 Index = 3 => 3 3:
17:353  0:000  BANK 1 DIMM1 EMPTY
17:353  0:000  mTotalSystemMemory = 16384
17:353  0:000  NumberOfMemoryDevices = 4
17:353  0:000  Type20[0]->End = 0x7FFFFF, Type17[0] = 0x2000
17:353  0:000  Type20[1]->End = 0xFFFFFF, Type17[1] = 0x6000
17:353  0:000  Table 131 is present, CPUType=35
17:353  0:000  Change to: 605
17:353  0:000  === [ PatchACPI ] =========================================
17:353  0:000  Xsdt reallocation done
17:353  0:000  old FADT length=114
17:353  0:000   SignatureFixup: 0xDECC4CB6 -> 0x0
17:357  0:003  Apply DsdtFixMask=0x00000000
17:357  0:000     drop _DSM mask=0xFFFF
17:357  0:000  === [ FixBiosDsdt ] =======================================
17:357  0:000  Patching DSDT:
17:357  0:000   - [change GFX0 to IGPU]: pattern 47465830, patched at: [ (51) (12) (12) (12) (12) (12) (12) (12) (12) (12) (12) (12) (12) (12) (6A) (12) (355) (12) (50) (3450) (6C7F) (7D31) (1B) (33C6) (14) (8A8D) (151A) (677D) ]
17:357  0:000   - [change HDAS to HDEF]: pattern 48444153, patched at: [ (2E7) (12) (12) (B536) (1D12) (84) (D) (2B) (32) (4F) (7B) (C3) (18257) ]
17:357  0:000   - [change SAT0 to SATA]: pattern 53415430, patched at: [ (320) (D) (D) (16) (D4E2) (30) (10A12) (1501) (4E2) (2A) (29) (2E) (2E) (2E) ]
17:357  0:000   - [change HECI to IMEI]: pattern 48454349, patched at: [ (11E61) ]
17:358  0:000   - [Rename _DSM to XDSM]: pattern 5F44534D, patched at: [ (3A21) (11EC) (388) (388) (388) (388) (388) (388) (388) (388) (388) (395) (388) (388) (388) (388) (388) (388) (388) (388) (388) (388) (388) (388) (388) (1CE4) (77) (29) (72E) (103) (6) (E87) (50F) (11) (53) (22) (22) (33) (14) (24) (236F) (D3) (D3) (D3) (D3) (D3) (BE) (BE) (CC) (104) (104) (2B2) (603) (F2D) (14A) (9B) (37) (EC) (395C) (714) (6BE) (6BE) (6BE) (6D7) (6BE) (6BE) (6BE) (6D7) (6BE) (6BE) (6BE) (6BE) (6BE) (6BE) (6BE) (6BE) (6BE) (6BE) (6BE) (2152) (1DF7) (1FD) (1FC) (1FC) (212) (20F) (210) (210) (503) (929) (92C) (92C) (6E7) (1F0) (14D) (F85) ]
17:358  0:000   - [change H_EC to EC]: pattern 485F4543, patched at: [ (2D1) (23A) (CE9D) (10) (4DD9) (1B) (15) (14) (12F) (15) (25) (22) (15) (73B) (16) (16) (33) (185) (9A) (A6F) (12) (F) (29) (12) (F) (E2A) (14) (13A) (14) (CC3B) (1F) (24) (25) (44A7) (12) (10) (1D) (12) (10) (1B) (11) (1C) (11) (48D) (516) ]
17:358  0:000   - [change Method(_WAK,1,N) to ZWAK, pair with SSDT-PTSWAK.aml]: pattern 5F57414B, patched at: [ (A0FC) ]
17:358  0:000   - [change Method(_PTS,1,N) to ZPTS, pair with SSDT-PTSWAK.aml]: pattern 5F505453, patched at: [ (A09F) ]
17:358  0:000   - [change Method(GPRW,2,N) to XPRW, pair with SSDT-GPRW.aml]: disabled
17:358  0:000   - [change _OSI to XOSI, pair with SSDT-XOSI.aml]: pattern 5F4F5349, patched at: [ (A4BE) (8A8B) (3) (11) (18) (1C) (1C) (1A) (18) (18) (18) (18) ]
17:358  0:000   - [AMD/Nvidia GPU PM- Rename PEGP to GFX0]: pattern 50454750, patched at: [ (3BDE) (3F) (3F) (10315) ]
17:359  0:000    0 replacements
17:359  0:000  PreCleanup XSDT: count=20, length=196
17:359  0:000  PreCleanup XSDT, corrected XSDT: count=20, length=196
17:359  0:000  === [ ACPIPatchedAML ] ====================================
17:359  0:000  AutoMerge pass 1
17:359  0:000  Unsorted
17:359  0:000  Inserting SSDT-XOSI.aml from EFI\CLOVER\ACPI\patched: ignore on pass 1
17:359  0:000  Inserting SSDT-SMBUS.aml from EFI\CLOVER\ACPI\patched: ignore on pass 1
17:359  0:000  Inserting SSDT-XCPM.aml from EFI\CLOVER\ACPI\patched: ignore on pass 1
17:359  0:000  Inserting SSDT-UIAC.aml from EFI\CLOVER\ACPI\patched: ignore on pass 1
17:359  0:000  Inserting SSDT-RMCF.aml from EFI\CLOVER\ACPI\patched: ignore on pass 1
17:359  0:000  Inserting SSDT-XHC.aml from EFI\CLOVER\ACPI\patched: ignore on pass 1
17:359  0:000  Inserting SSDT-PTSWAK.aml from EFI\CLOVER\ACPI\patched: ignore on pass 1
17:359  0:000  Inserting SSDT-HDEF.aml from EFI\CLOVER\ACPI\patched: ignore on pass 1
17:359  0:000  Inserting SSDT-EC.aml from EFI\CLOVER\ACPI\patched: ignore on pass 1
17:359  0:000  === [ ACPIDropTables ] ====================================
17:359  0:000  0. [change GFX0 to IGPU]: pattern 47465830, bin not found / already patched!
17:359  0:000  1. [change HDAS to HDEF]: pattern 48444153, bin not found / already patched!
17:359  0:000  2. [change SAT0 to SATA]: pattern 53415430, patched at: [ (27) (E) (12) (12) (12) (12) (12) (AB) ]
17:359  0:000  3. [change HECI to IMEI]: pattern 48454349, bin not found / already patched!
17:359  0:000  4. [Rename _DSM to XDSM]: pattern 5F44534D, bin not found / already patched!
17:359  0:000  5. [change H_EC to EC]: pattern 485F4543, bin not found / already patched!
17:359  0:000  6. [change Method(_WAK,1,N) to ZWAK, pair with SSDT-PTSWAK.aml]: pattern 5F57414B, bin not found / already patched!
17:359  0:000  7. [change Method(_PTS,1,N) to ZPTS, pair with SSDT-PTSWAK.aml]: pattern 5F505453, bin not found / already patched!
17:359  0:000  8. [change Method(GPRW,2,N) to XPRW, pair with SSDT-GPRW.aml]: disabled
17:359  0:000  9. [change _OSI to XOSI, pair with SSDT-XOSI.aml]: pattern 5F4F5349, bin not found / already patched!
17:359  0:000  10. [AMD/Nvidia GPU PM- Rename PEGP to GFX0]: pattern 50454750, bin not found / already patched!
17:359  0:000    0 replacements
17:359  0:000  0. [change GFX0 to IGPU]: pattern 47465830, patched at: [ (2D) (20) (46) (2A0) (1C8A) (A3A) (1D) (6EC) ]
17:359  0:000  1. [change HDAS to HDEF]: pattern 48444153, bin not found / already patched!
17:359  0:000  2. [change SAT0 to SATA]: pattern 53415430, bin not found / already patched!
17:359  0:000  3. [change HECI to IMEI]: pattern 48454349, bin not found / already patched!
17:359  0:000  4. [Rename _DSM to XDSM]: pattern 5F44534D, patched at: [ (2C47) ]
17:359  0:000  5. [change H_EC to EC]: pattern 485F4543, bin not found / already patched!
17:360  0:000  6. [change Method(_WAK,1,N) to ZWAK, pair with SSDT-PTSWAK.aml]: pattern 5F57414B, bin not found / already patched!
17:360  0:000  7. [change Method(_PTS,1,N) to ZPTS, pair with SSDT-PTSWAK.aml]: pattern 5F505453, bin not found / already patched!
17:360  0:000  8. [change Method(GPRW,2,N) to XPRW, pair with SSDT-GPRW.aml]: disabled
17:360  0:000  9. [change _OSI to XOSI, pair with SSDT-XOSI.aml]: pattern 5F4F5349, bin not found / already patched!
17:360  0:000  10. [AMD/Nvidia GPU PM- Rename PEGP to GFX0]: pattern 50454750, bin not found / already patched!
17:360  0:000    0 replacements
17:360  0:000  Found OperationRegion(SANV, SystemMemory, BAA35018, ...)
17:360  0:000  0. [change GFX0 to IGPU]: pattern 47465830, bin not found / already patched!
17:360  0:000  1. [change HDAS to HDEF]: pattern 48444153, bin not found / already patched!
17:360  0:000  2. [change SAT0 to SATA]: pattern 53415430, bin not found / already patched!
17:360  0:000  3. [change HECI to IMEI]: pattern 48454349, bin not found / already patched!
17:360  0:000  4. [Rename _DSM to XDSM]: pattern 5F44534D, patched at: [ (415) (34B) (345) ]
17:360  0:000  5. [change H_EC to EC]: pattern 485F4543, bin not found / already patched!
17:360  0:000  6. [change Method(_WAK,1,N) to ZWAK, pair with SSDT-PTSWAK.aml]: pattern 5F57414B, bin not found / already patched!
17:360  0:000  7. [change Method(_PTS,1,N) to ZPTS, pair with SSDT-PTSWAK.aml]: pattern 5F505453, bin not found / already patched!
17:360  0:000  8. [change Method(GPRW,2,N) to XPRW, pair with SSDT-GPRW.aml]: disabled
17:360  0:000  9. [change _OSI to XOSI, pair with SSDT-XOSI.aml]: pattern 5F4F5349, bin not found / already patched!
17:360  0:000  10. [AMD/Nvidia GPU PM- Rename PEGP to GFX0]: pattern 50454750, patched at: [ (23B) (24) (24) (401) (13) (334) (13) (330) (13) ]
17:360  0:000    0 replacements
17:360  0:000  0. [change GFX0 to IGPU]: pattern 47465830, bin not found / already patched!
17:360  0:000  1. [change HDAS to HDEF]: pattern 48444153, bin not found / already patched!
17:360  0:000  2. [change SAT0 to SATA]: pattern 53415430, bin not found / already patched!
17:360  0:000  3. [change HECI to IMEI]: pattern 48454349, bin not found / already patched!
17:360  0:000  4. [Rename _DSM to XDSM]: pattern 5F44534D, bin not found / already patched!
17:360  0:000  5. [change H_EC to EC]: pattern 485F4543, patched at: [ (18E) (16) (16) (16) (16) (16) (16) (16) (4E4) (22) (18) (20) (18) (15) (15) (13) (251) (14) (14) (17D) (14) (14) (1A) (14) ]
17:360  0:000  6. [change Method(_WAK,1,N) to ZWAK, pair with SSDT-PTSWAK.aml]: pattern 5F57414B, bin not found / already patched!
17:360  0:000  7. [change Method(_PTS,1,N) to ZPTS, pair with SSDT-PTSWAK.aml]: pattern 5F505453, bin not found / already patched!
17:360  0:000  8. [change Method(GPRW,2,N) to XPRW, pair with SSDT-GPRW.aml]: disabled
17:360  0:000  9. [change _OSI to XOSI, pair with SSDT-XOSI.aml]: pattern 5F4F5349, bin not found / already patched!
17:360  0:000  10. [AMD/Nvidia GPU PM- Rename PEGP to GFX0]: pattern 50454750, bin not found / already patched!
17:360  0:000    0 replacements
17:360  0:000  0. [change GFX0 to IGPU]: pattern 47465830, bin not found / already patched!
17:360  0:000  1. [change HDAS to HDEF]: pattern 48444153, bin not found / already patched!
17:360  0:000  2. [change SAT0 to SATA]: pattern 53415430, bin not found / already patched!
17:360  0:000  3. [change HECI to IMEI]: pattern 48454349, bin not found / already patched!
17:360  0:000  4. [Rename _DSM to XDSM]: pattern 5F44534D, bin not found / already patched!
17:360  0:000  5. [change H_EC to EC]: pattern 485F4543, bin not found / already patched!
17:360  0:000  6. [change Method(_WAK,1,N) to ZWAK, pair with SSDT-PTSWAK.aml]: pattern 5F57414B, bin not found / already patched!
17:360  0:000  7. [change Method(_PTS,1,N) to ZPTS, pair with SSDT-PTSWAK.aml]: pattern 5F505453, bin not found / already patched!
17:360  0:000  8. [change Method(GPRW,2,N) to XPRW, pair with SSDT-GPRW.aml]: disabled
17:360  0:000  9. [change _OSI to XOSI, pair with SSDT-XOSI.aml]: pattern 5F4F5349, bin not found / already patched!
17:360  0:000  10. [AMD/Nvidia GPU PM- Rename PEGP to GFX0]: pattern 50454750, bin not found / already patched!
17:360  0:000    0 replacements
17:360  0:000  0. [change GFX0 to IGPU]: pattern 47465830, bin not found / already patched!
17:360  0:000  1. [change HDAS to HDEF]: pattern 48444153, bin not found / already patched!
17:360  0:000  2. [change SAT0 to SATA]: pattern 53415430, bin not found / already patched!
17:360  0:000  3. [change HECI to IMEI]: pattern 48454349, bin not found / already patched!
17:360  0:000  4. [Rename _DSM to XDSM]: pattern 5F44534D, bin not found / already patched!
17:360  0:000  5. [change H_EC to EC]: pattern 485F4543, bin not found / already patched!
17:360  0:000  6. [change Method(_WAK,1,N) to ZWAK, pair with SSDT-PTSWAK.aml]: pattern 5F57414B, bin not found / already patched!
17:360  0:000  7. [change Method(_PTS,1,N) to ZPTS, pair with SSDT-PTSWAK.aml]: pattern 5F505453, bin not found / already patched!
17:360  0:000  8. [change Method(GPRW,2,N) to XPRW, pair with SSDT-GPRW.aml]: disabled
17:360  0:000  9. [change _OSI to XOSI, pair with SSDT-XOSI.aml]: pattern 5F4F5349, bin not found / already patched!
17:360  0:000  10. [AMD/Nvidia GPU PM- Rename PEGP to GFX0]: pattern 50454750, bin not found / already patched!
17:360  0:000    0 replacements
17:360  0:000  Found OperationRegion(PNVS, SystemMemory, B1B94000, ...)
17:360  0:000  0. [change GFX0 to IGPU]: pattern 47465830, bin not found / already patched!
17:360  0:000  1. [change HDAS to HDEF]: pattern 48444153, bin not found / already patched!
17:360  0:000  2. [change SAT0 to SATA]: pattern 53415430, bin not found / already patched!
17:360  0:000  3. [change HECI to IMEI]: pattern 48454349, bin not found / already patched!
17:360  0:000  4. [Rename _DSM to XDSM]: pattern 5F44534D, patched at: [ (A5) ]
17:360  0:000  5. [change H_EC to EC]: pattern 485F4543, bin not found / already patched!
17:360  0:000  6. [change Method(_WAK,1,N) to ZWAK, pair with SSDT-PTSWAK.aml]: pattern 5F57414B, bin not found / already patched!
17:360  0:000  7. [change Method(_PTS,1,N) to ZPTS, pair with SSDT-PTSWAK.aml]: pattern 5F505453, bin not found / already patched!
17:360  0:000  8. [change Method(GPRW,2,N) to XPRW, pair with SSDT-GPRW.aml]: disabled
17:360  0:000  9. [change _OSI to XOSI, pair with SSDT-XOSI.aml]: pattern 5F4F5349, bin not found / already patched!
17:360  0:000  10. [AMD/Nvidia GPU PM- Rename PEGP to GFX0]: pattern 50454750, bin not found / already patched!
17:360  0:000    0 replacements
17:360  0:000  0. [change GFX0 to IGPU]: pattern 47465830, bin not found / already patched!
17:360  0:000  1. [change HDAS to HDEF]: pattern 48444153, bin not found / already patched!
17:360  0:000  2. [change SAT0 to SATA]: pattern 53415430, bin not found / already patched!
17:360  0:000  3. [change HECI to IMEI]: pattern 48454349, bin not found / already patched!
17:360  0:000  4. [Rename _DSM to XDSM]: pattern 5F44534D, bin not found / already patched!
17:360  0:000  5. [change H_EC to EC]: pattern 485F4543, patched at: [ (24) (57) (16) (16) (16) (16) (16) (16) (16) (16) (16) (16) (3A) (16) (16) (16) (16) (16) (16) (16) (16) (16) (16) (16) (16) (16) (16) (16) (16) (16) (16) (16) (16) (16) (16) (16) (16) (16) (16) (16) (16) (16) (16) (16) (16) (16) (16) (16) (16) (16) (16) (16) (16) (16) (16) (16) (16) (16) (16) (16) (16) (16) (16) (16) (16) (16) (16) (16) (16) (16) (16) (16) (16) (16) (16) (16) (16) (16) (16) (16) (16) (16) (16) (16) (B4D) (17) (14) (25) (14) (25) (14) (25) (14) (25) (14) (25) (14) (25) (14) (3E) (1A) (14) (24) (14) (24) (14) (24) (14) (24) (14) (11E) (17) (14) (25) (14) (25) (14) (25) (14) (25) (14) (25) (14) (25) (14) (25) (14) (56) (1A) (14) (24) (14) (24) (14) (24) (14) (8D) (15) (14) (1B) (14) (1D) (14) (1C) (14) (1E) (14) (1C) (14) (1C) (14) (1C) (14) (1C) (14) (1C) (14) (1C) (14) (1C) (14) (1C) (14) (1C) (14) (1C) (14) (1C) (14) (35) (14) (16) (14) (44) (4E) (14) (1B) (14) (1B) (14) (1D) (14) (20) (14) (20) (14) (20) (14) (20) (14) (4F) (14) (1B) (14) (1B) (14) (1D) (14) (20) (14) (20) (14) (20) (14) (AE) (15) (14) (1C) (14) (1C) (14) (1C) (14) (1C) (14) (1C) (14) (1C) (14) (1C) (14) (1C) (14) (1C) (14) (1C) (14) (1C) (14) (1C) (14) (1C) (14) (1C) (14) (1C) (14) (1C) (14) (1C) (14) (1C) (14) (1C) (14) (3A) (14) (1A) (13) (1A) (13) (1A) (13) (1A) (13) (1A) (13) (1A) (13) (1A) (13) (1A) (13) (1A) (13) (1A) (13) (1A) (13) (1A) (13) (1A) (13) (1A) (13) (1A) (13) (1A) (13) (1A) (13) (1A) (13) (1A) (13) (1A) (13) (21) (14) (21) (14) (23) (15) (14) (25) (15) (14) (19) (14) (1D) (14) (1D) (14) ]
17:360  0:000  6. [change Method(_WAK,1,N) to ZWAK, pair with SSDT-PTSWAK.aml]: pattern 5F57414B, bin not found / already patched!
17:360  0:000  7. [change Method(_PTS,1,N) to ZPTS, pair with SSDT-PTSWAK.aml]: pattern 5F505453, bin not found / already patched!
17:360  0:000  8. [change Method(GPRW,2,N) to XPRW, pair with SSDT-GPRW.aml]: disabled
17:360  0:000  9. [change _OSI to XOSI, pair with SSDT-XOSI.aml]: pattern 5F4F5349, bin not found / already patched!
17:360  0:000  10. [AMD/Nvidia GPU PM- Rename PEGP to GFX0]: pattern 50454750, bin not found / already patched!
17:360  0:000    0 replacements
17:360  0:000  === [ ACPIPatchedAML ] ====================================
17:360  0:000  AutoMerge pass 2
17:360  0:000  Unsorted
17:360  0:000  Inserting SSDT-XOSI.aml from EFI\CLOVER\ACPI\patched: size=178 ... Success
17:363  0:002  Inserting SSDT-SMBUS.aml from EFI\CLOVER\ACPI\patched: size=138 ... Success
17:366  0:002  Inserting SSDT-XCPM.aml from EFI\CLOVER\ACPI\patched: size=96 ... Success
17:368  0:002  Inserting SSDT-UIAC.aml from EFI\CLOVER\ACPI\patched: size=1118 ... Success
17:370  0:002  Inserting SSDT-RMCF.aml from EFI\CLOVER\ACPI\patched: size=770 ... Success
17:373  0:002  Inserting SSDT-XHC.aml from EFI\CLOVER\ACPI\patched: size=384 ... Success
17:375  0:002  Inserting SSDT-PTSWAK.aml from EFI\CLOVER\ACPI\patched: size=782 ... Success
17:378  0:002  Inserting SSDT-HDEF.aml from EFI\CLOVER\ACPI\patched: size=245 ... Success
17:381  0:002  Inserting SSDT-EC.aml from EFI\CLOVER\ACPI\patched: size=63 ... Success
17:383  0:002  CPUBase=0 and ApicCPUBase=1 ApicCPUNum=1
17:383  0:000  Cleanup XSDT: count=29, length=268
17:383  0:000  corrected XSDT count=29, length=268
17:383  0:000  === [ RestSetup macOS ] ===================================
17:383  0:000  EdidDiscovered size=0
17:383  0:000  NVidia GFX injection not set
17:383  0:000  Intel GFX injection not set
17:383  0:000   RCBA disabled; cannot use it
17:383  0:000  stringlength = 726
17:383  0:000  CurrentMode: Width=1920 Height=1080
17:383  0:000  Beginning FSInjection
FSInjectionInstall ...
- Our FSI_SIMPLE_FILE_SYSTEM_PROTOCOL installed on handle: B56B1B18
FSInjectionInstall ...
- Our FSI_SIMPLE_FILE_SYSTEM_PROTOCOL installed on handle: B56B1B18
17:393  0:009  Use origin smbios table type 1 guid.
17:407  0:013  Preparing kexts injection for arch=x86_64 from EFI\CLOVER\kexts\Other
17:407  0:000  Extra kext: EFI\CLOVER\kexts\Other\WhateverGreen.kext (v.1.2.7)
17:416  0:009  Extra kext: EFI\CLOVER\kexts\Other\CPUFriendDataProvider.kext (v.1.0.0)
17:419  0:003  Extra kext: EFI\CLOVER\kexts\Other\Lilu.kext (v.1.3.5)
17:427  0:007  Extra kext: EFI\CLOVER\kexts\Other\FakeSMC.kext (v.1800)
17:434  0:006  Extra kext: EFI\CLOVER\kexts\Other\FakeSMC_SMMSensors.kext (v.1800)
17:440  0:006  Extra kext: EFI\CLOVER\kexts\Other\FakeSMC_LPCSensors.kext (v.1800)
17:457  0:016  Extra kext: EFI\CLOVER\kexts\Other\FakeSMC_GPUSensors.kext (v.1800)
17:464  0:007  Extra kext: EFI\CLOVER\kexts\Other\FakeSMC_CPUSensors.kext (v.1800)
17:470  0:005  Extra kext: EFI\CLOVER\kexts\Other\FakeSMC_ACPISensors.kext (v.1800)
17:476  0:006  Extra kext: EFI\CLOVER\kexts\Other\dAGPM.kext (v.1.0.0)
17:481  0:005  Extra kext: EFI\CLOVER\kexts\Other\RealtekRTL8111.kext (v.2.2.1)
17:490  0:008  Extra kext: EFI\CLOVER\kexts\Other\USBInjectAll.kext (v.0.7.1)
17:534  0:044  Extra kext: EFI\CLOVER\kexts\Other\XHCI-200-series-injector.kext (v.0.5.0)
17:537  0:003  Extra kext: EFI\CLOVER\kexts\Other\AppleALC.kext (v.1.2.6)
17:591  0:054  Preparing kexts injection for arch=x86_64 from EFI\CLOVER\kexts\10.13
17:593  0:001  SetStartupDiskVolume:
17:593  0:000    * Volume: 'MAC OS'
17:593  0:000    * LoaderPath: '<null string>'
17:593  0:000    * DevPath: MAC OS
17:593  0:000    * GUID = 8DEC4E4A-F4CA-4F79-903C-05B0D64AAD13
17:593  0:000    * efi-boot-device: <array><dict><key>IOMatch</key><dict><key>IOProviderClass</key><string>IOMedia</string><key>IOPropertyMatch</key><dict><key>UUID</key><string>8DEC4E4A-F4CA-4F79-903C-05B0D64AAD13</string></dict></dict></dict></array>
17:594  0:000  SetScreenResolution: 1920x1080 - already set
17:594  0:000  Custom boot is disabled
17:595  0:001  Closing log
